{
  "stats": {
    "suites": 2,
    "tests": 54,
    "passes": 24,
    "pending": 0,
    "failures": 30,
    "start": "2022-03-15T13:03:00.303Z",
    "end": "2022-03-15T13:03:00.684Z",
    "duration": 381,
    "testsRegistered": 54,
    "passPercent": 44.44444444444444,
    "pendingPercent": 0,
    "other": 0,
    "hasOther": false,
    "skipped": 0,
    "hasSkipped": false
  },
  "results": [
    {
      "uuid": "ff2e87af-14e0-4374-b1ff-f43a37cdee0a",
      "title": "",
      "fullFile": "",
      "file": "",
      "beforeHooks": [],
      "afterHooks": [],
      "tests": [],
      "suites": [
        {
          "uuid": "07d41f0f-ab01-4e15-82c5-eba242651df2",
          "title": "Threshold time testing",
          "fullFile": "",
          "file": "",
          "beforeHooks": [],
          "afterHooks": [],
          "tests": [],
          "suites": [
            {
              "uuid": "80fe9673-a445-4109-995f-d6992e512c73",
              "title": " First Class of Feedback",
              "fullFile": "",
              "file": "",
              "beforeHooks": [],
              "afterHooks": [],
              "tests": [
                {
                  "title": "Validate if feedback \"alreadyDidItBefore\" finish earlier  than 1 ms",
                  "fullTitle": "Threshold time testing  First Class of Feedback Validate if feedback \"alreadyDidItBefore\" finish earlier  than 1 ms",
                  "timedOut": false,
                  "duration": 6,
                  "state": "failed",
                  "speed": null,
                  "pass": false,
                  "fail": true,
                  "pending": false,
                  "context": null,
                  "code": "var self = this, args = arguments; return new Promise(function (resolve, reject) { var gen = fn.apply(self, args); function _next(value) { asyncGeneratorStep(gen, resolve, reject, _next, _throw, \"next\", value); } function _throw(err) { asyncGeneratorStep(gen, resolve, reject, _next, _throw, \"throw\", err); } _next(undefined); });",
                  "err": {
                    "message": "AssertionError: expected 7.8666999991983175 to be below 1",
                    "estack": "AssertionError: expected 7.8666999991983175 to be below 1\n    at _callee2$ (dist-server/tests/sample-tests.js:155:47)\n    at tryCatch (node_modules/regenerator-runtime/runtime.js:63:40)\n    at Generator.invoke [as _invoke] (node_modules/regenerator-runtime/runtime.js:294:22)\n    at Generator.next (node_modules/regenerator-runtime/runtime.js:119:21)\n    at asyncGeneratorStep (dist-server/tests/sample-tests.js:25:103)\n    at _next (dist-server/tests/sample-tests.js:27:194)\n    at processTicksAndRejections (internal/process/task_queues.js:95:5)",
                    "diff": "- 7.8666999991983175\n+ 1\n"
                  },
                  "uuid": "1212331f-9ee0-420b-9f27-03e90d77bfc7",
                  "parentUUID": "80fe9673-a445-4109-995f-d6992e512c73",
                  "isHook": false,
                  "skipped": false
                },
                {
                  "title": "Validate if feedback \"frequemcy\" finish earlier  than 1 ms",
                  "fullTitle": "Threshold time testing  First Class of Feedback Validate if feedback \"frequemcy\" finish earlier  than 1 ms",
                  "timedOut": false,
                  "duration": 6,
                  "state": "failed",
                  "speed": null,
                  "pass": false,
                  "fail": true,
                  "pending": false,
                  "context": null,
                  "code": "var self = this, args = arguments; return new Promise(function (resolve, reject) { var gen = fn.apply(self, args); function _next(value) { asyncGeneratorStep(gen, resolve, reject, _next, _throw, \"next\", value); } function _throw(err) { asyncGeneratorStep(gen, resolve, reject, _next, _throw, \"throw\", err); } _next(undefined); });",
                  "err": {
                    "message": "AssertionError: expected 9.14670000039041 to be below 1",
                    "estack": "AssertionError: expected 9.14670000039041 to be below 1\n    at _callee2$ (dist-server/tests/sample-tests.js:155:47)\n    at tryCatch (node_modules/regenerator-runtime/runtime.js:63:40)\n    at Generator.invoke [as _invoke] (node_modules/regenerator-runtime/runtime.js:294:22)\n    at Generator.next (node_modules/regenerator-runtime/runtime.js:119:21)\n    at asyncGeneratorStep (dist-server/tests/sample-tests.js:25:103)\n    at _next (dist-server/tests/sample-tests.js:27:194)\n    at processTicksAndRejections (internal/process/task_queues.js:95:5)",
                    "diff": "- 9.14670000039041\n+ 1\n"
                  },
                  "uuid": "dcc8480d-91eb-4ef2-ab4c-297ff7a4a425",
                  "parentUUID": "80fe9673-a445-4109-995f-d6992e512c73",
                  "isHook": false,
                  "skipped": false
                },
                {
                  "title": "Validate if feedback \"hint\" finish earlier  than 1 ms",
                  "fullTitle": "Threshold time testing  First Class of Feedback Validate if feedback \"hint\" finish earlier  than 1 ms",
                  "timedOut": false,
                  "duration": 5,
                  "state": "failed",
                  "speed": null,
                  "pass": false,
                  "fail": true,
                  "pending": false,
                  "context": null,
                  "code": "var self = this, args = arguments; return new Promise(function (resolve, reject) { var gen = fn.apply(self, args); function _next(value) { asyncGeneratorStep(gen, resolve, reject, _next, _throw, \"next\", value); } function _throw(err) { asyncGeneratorStep(gen, resolve, reject, _next, _throw, \"throw\", err); } _next(undefined); });",
                  "err": {
                    "message": "AssertionError: expected 7.712100001052022 to be below 1",
                    "estack": "AssertionError: expected 7.712100001052022 to be below 1\n    at _callee2$ (dist-server/tests/sample-tests.js:155:47)\n    at tryCatch (node_modules/regenerator-runtime/runtime.js:63:40)\n    at Generator.invoke [as _invoke] (node_modules/regenerator-runtime/runtime.js:294:22)\n    at Generator.next (node_modules/regenerator-runtime/runtime.js:119:21)\n    at asyncGeneratorStep (dist-server/tests/sample-tests.js:25:103)\n    at _next (dist-server/tests/sample-tests.js:27:194)\n    at processTicksAndRejections (internal/process/task_queues.js:95:5)",
                    "diff": "- 7.712100001052022\n+ 1\n"
                  },
                  "uuid": "b95d1f4c-6458-4ed8-98f3-c588115ee22a",
                  "parentUUID": "80fe9673-a445-4109-995f-d6992e512c73",
                  "isHook": false,
                  "skipped": false
                },
                {
                  "title": "Validate if feedback \"inputTestCase\" finish earlier  than 1 ms",
                  "fullTitle": "Threshold time testing  First Class of Feedback Validate if feedback \"inputTestCase\" finish earlier  than 1 ms",
                  "timedOut": false,
                  "duration": 7,
                  "state": "failed",
                  "speed": null,
                  "pass": false,
                  "fail": true,
                  "pending": false,
                  "context": null,
                  "code": "var self = this, args = arguments; return new Promise(function (resolve, reject) { var gen = fn.apply(self, args); function _next(value) { asyncGeneratorStep(gen, resolve, reject, _next, _throw, \"next\", value); } function _throw(err) { asyncGeneratorStep(gen, resolve, reject, _next, _throw, \"throw\", err); } _next(undefined); });",
                  "err": {
                    "message": "AssertionError: expected 9.000199999660254 to be below 1",
                    "estack": "AssertionError: expected 9.000199999660254 to be below 1\n    at _callee2$ (dist-server/tests/sample-tests.js:155:47)\n    at tryCatch (node_modules/regenerator-runtime/runtime.js:63:40)\n    at Generator.invoke [as _invoke] (node_modules/regenerator-runtime/runtime.js:294:22)\n    at Generator.next (node_modules/regenerator-runtime/runtime.js:119:21)\n    at asyncGeneratorStep (dist-server/tests/sample-tests.js:25:103)\n    at _next (dist-server/tests/sample-tests.js:27:194)\n    at processTicksAndRejections (internal/process/task_queues.js:95:5)",
                    "diff": "- 9.000199999660254\n+ 1\n"
                  },
                  "uuid": "7b608eb9-f986-4172-acea-81568da9fea6",
                  "parentUUID": "80fe9673-a445-4109-995f-d6992e512c73",
                  "isHook": false,
                  "skipped": false
                },
                {
                  "title": "Validate if feedback \"motivate\" finish earlier  than 100 ms",
                  "fullTitle": "Threshold time testing  First Class of Feedback Validate if feedback \"motivate\" finish earlier  than 100 ms",
                  "timedOut": false,
                  "duration": 6,
                  "state": "passed",
                  "speed": "fast",
                  "pass": true,
                  "fail": false,
                  "pending": false,
                  "context": null,
                  "code": "var self = this, args = arguments; return new Promise(function (resolve, reject) { var gen = fn.apply(self, args); function _next(value) { asyncGeneratorStep(gen, resolve, reject, _next, _throw, \"next\", value); } function _throw(err) { asyncGeneratorStep(gen, resolve, reject, _next, _throw, \"throw\", err); } _next(undefined); });",
                  "err": {},
                  "uuid": "69cbeb9f-bca0-44de-947b-b9a59ebfaa09",
                  "parentUUID": "80fe9673-a445-4109-995f-d6992e512c73",
                  "isHook": false,
                  "skipped": false
                },
                {
                  "title": "Validate if feedback \"motivateHarder\" finish earlier  than 100 ms",
                  "fullTitle": "Threshold time testing  First Class of Feedback Validate if feedback \"motivateHarder\" finish earlier  than 100 ms",
                  "timedOut": false,
                  "duration": 5,
                  "state": "passed",
                  "speed": "fast",
                  "pass": true,
                  "fail": false,
                  "pending": false,
                  "context": null,
                  "code": "var self = this, args = arguments; return new Promise(function (resolve, reject) { var gen = fn.apply(self, args); function _next(value) { asyncGeneratorStep(gen, resolve, reject, _next, _throw, \"next\", value); } function _throw(err) { asyncGeneratorStep(gen, resolve, reject, _next, _throw, \"throw\", err); } _next(undefined); });",
                  "err": {},
                  "uuid": "0c41ff18-a7a6-4d33-b761-27f68bbaa9c9",
                  "parentUUID": "80fe9673-a445-4109-995f-d6992e512c73",
                  "isHook": false,
                  "skipped": false
                },
                {
                  "title": "Validate if feedback \"outputTestCase\" finish earlier  than 100 ms",
                  "fullTitle": "Threshold time testing  First Class of Feedback Validate if feedback \"outputTestCase\" finish earlier  than 100 ms",
                  "timedOut": false,
                  "duration": 6,
                  "state": "passed",
                  "speed": "fast",
                  "pass": true,
                  "fail": false,
                  "pending": false,
                  "context": null,
                  "code": "var self = this, args = arguments; return new Promise(function (resolve, reject) { var gen = fn.apply(self, args); function _next(value) { asyncGeneratorStep(gen, resolve, reject, _next, _throw, \"next\", value); } function _throw(err) { asyncGeneratorStep(gen, resolve, reject, _next, _throw, \"throw\", err); } _next(undefined); });",
                  "err": {},
                  "uuid": "9653e527-ddb9-49dc-819a-888cef097cfd",
                  "parentUUID": "80fe9673-a445-4109-995f-d6992e512c73",
                  "isHook": false,
                  "skipped": false
                },
                {
                  "title": "Validate if feedback \"percentage\" finish earlier  than 100 ms",
                  "fullTitle": "Threshold time testing  First Class of Feedback Validate if feedback \"percentage\" finish earlier  than 100 ms",
                  "timedOut": false,
                  "duration": 5,
                  "state": "passed",
                  "speed": "fast",
                  "pass": true,
                  "fail": false,
                  "pending": false,
                  "context": null,
                  "code": "var self = this, args = arguments; return new Promise(function (resolve, reject) { var gen = fn.apply(self, args); function _next(value) { asyncGeneratorStep(gen, resolve, reject, _next, _throw, \"next\", value); } function _throw(err) { asyncGeneratorStep(gen, resolve, reject, _next, _throw, \"throw\", err); } _next(undefined); });",
                  "err": {},
                  "uuid": "e86e5dba-4aeb-4598-a58b-bba3a683b9e1",
                  "parentUUID": "80fe9673-a445-4109-995f-d6992e512c73",
                  "isHook": false,
                  "skipped": false
                },
                {
                  "title": "Validate if feedback \"submissionNumbers\" finish earlier  than 1 ms",
                  "fullTitle": "Threshold time testing  First Class of Feedback Validate if feedback \"submissionNumbers\" finish earlier  than 1 ms",
                  "timedOut": false,
                  "duration": 5,
                  "state": "failed",
                  "speed": null,
                  "pass": false,
                  "fail": true,
                  "pending": false,
                  "context": null,
                  "code": "var self = this, args = arguments; return new Promise(function (resolve, reject) { var gen = fn.apply(self, args); function _next(value) { asyncGeneratorStep(gen, resolve, reject, _next, _throw, \"next\", value); } function _throw(err) { asyncGeneratorStep(gen, resolve, reject, _next, _throw, \"throw\", err); } _next(undefined); });",
                  "err": {
                    "message": "AssertionError: expected 8.168700000271201 to be below 1",
                    "estack": "AssertionError: expected 8.168700000271201 to be below 1\n    at _callee2$ (dist-server/tests/sample-tests.js:155:47)\n    at tryCatch (node_modules/regenerator-runtime/runtime.js:63:40)\n    at Generator.invoke [as _invoke] (node_modules/regenerator-runtime/runtime.js:294:22)\n    at Generator.next (node_modules/regenerator-runtime/runtime.js:119:21)\n    at asyncGeneratorStep (dist-server/tests/sample-tests.js:25:103)\n    at _next (dist-server/tests/sample-tests.js:27:194)\n    at processTicksAndRejections (internal/process/task_queues.js:95:5)",
                    "diff": "- 8.168700000271201\n+ 1\n"
                  },
                  "uuid": "b62390b0-56dd-4daf-8884-96509385c57f",
                  "parentUUID": "80fe9673-a445-4109-995f-d6992e512c73",
                  "isHook": false,
                  "skipped": false
                },
                {
                  "title": "Validate if feedback \"alreadyDidItBefore\" finish earlier  than 1 ms",
                  "fullTitle": "Threshold time testing  First Class of Feedback Validate if feedback \"alreadyDidItBefore\" finish earlier  than 1 ms",
                  "timedOut": false,
                  "duration": 7,
                  "state": "failed",
                  "speed": null,
                  "pass": false,
                  "fail": true,
                  "pending": false,
                  "context": null,
                  "code": "var self = this, args = arguments; return new Promise(function (resolve, reject) { var gen = fn.apply(self, args); function _next(value) { asyncGeneratorStep(gen, resolve, reject, _next, _throw, \"next\", value); } function _throw(err) { asyncGeneratorStep(gen, resolve, reject, _next, _throw, \"throw\", err); } _next(undefined); });",
                  "err": {
                    "message": "AssertionError: expected 9.758600000292063 to be below 1",
                    "estack": "AssertionError: expected 9.758600000292063 to be below 1\n    at _callee2$ (dist-server/tests/sample-tests.js:155:47)\n    at tryCatch (node_modules/regenerator-runtime/runtime.js:63:40)\n    at Generator.invoke [as _invoke] (node_modules/regenerator-runtime/runtime.js:294:22)\n    at Generator.next (node_modules/regenerator-runtime/runtime.js:119:21)\n    at asyncGeneratorStep (dist-server/tests/sample-tests.js:25:103)\n    at _next (dist-server/tests/sample-tests.js:27:194)\n    at processTicksAndRejections (internal/process/task_queues.js:95:5)",
                    "diff": "- 9.758600000292063\n+ 1\n"
                  },
                  "uuid": "28de7a83-4eaa-4962-86f7-5968f357a8f6",
                  "parentUUID": "80fe9673-a445-4109-995f-d6992e512c73",
                  "isHook": false,
                  "skipped": false
                },
                {
                  "title": "Validate if feedback \"frequemcy\" finish earlier  than 1 ms",
                  "fullTitle": "Threshold time testing  First Class of Feedback Validate if feedback \"frequemcy\" finish earlier  than 1 ms",
                  "timedOut": false,
                  "duration": 22,
                  "state": "failed",
                  "speed": null,
                  "pass": false,
                  "fail": true,
                  "pending": false,
                  "context": null,
                  "code": "var self = this, args = arguments; return new Promise(function (resolve, reject) { var gen = fn.apply(self, args); function _next(value) { asyncGeneratorStep(gen, resolve, reject, _next, _throw, \"next\", value); } function _throw(err) { asyncGeneratorStep(gen, resolve, reject, _next, _throw, \"throw\", err); } _next(undefined); });",
                  "err": {
                    "message": "AssertionError: expected 24.961799999698997 to be below 1",
                    "estack": "AssertionError: expected 24.961799999698997 to be below 1\n    at _callee2$ (dist-server/tests/sample-tests.js:155:47)\n    at tryCatch (node_modules/regenerator-runtime/runtime.js:63:40)\n    at Generator.invoke [as _invoke] (node_modules/regenerator-runtime/runtime.js:294:22)\n    at Generator.next (node_modules/regenerator-runtime/runtime.js:119:21)\n    at asyncGeneratorStep (dist-server/tests/sample-tests.js:25:103)\n    at _next (dist-server/tests/sample-tests.js:27:194)\n    at processTicksAndRejections (internal/process/task_queues.js:95:5)",
                    "diff": "- 24.961799999698997\n+ 1\n"
                  },
                  "uuid": "c023b782-1ce2-4ebb-8090-b05d9e7f7e7d",
                  "parentUUID": "80fe9673-a445-4109-995f-d6992e512c73",
                  "isHook": false,
                  "skipped": false
                },
                {
                  "title": "Validate if feedback \"hint\" finish earlier  than 1 ms",
                  "fullTitle": "Threshold time testing  First Class of Feedback Validate if feedback \"hint\" finish earlier  than 1 ms",
                  "timedOut": false,
                  "duration": 10,
                  "state": "failed",
                  "speed": null,
                  "pass": false,
                  "fail": true,
                  "pending": false,
                  "context": null,
                  "code": "var self = this, args = arguments; return new Promise(function (resolve, reject) { var gen = fn.apply(self, args); function _next(value) { asyncGeneratorStep(gen, resolve, reject, _next, _throw, \"next\", value); } function _throw(err) { asyncGeneratorStep(gen, resolve, reject, _next, _throw, \"throw\", err); } _next(undefined); });",
                  "err": {
                    "message": "AssertionError: expected 12.56529999896884 to be below 1",
                    "estack": "AssertionError: expected 12.56529999896884 to be below 1\n    at _callee2$ (dist-server/tests/sample-tests.js:155:47)\n    at tryCatch (node_modules/regenerator-runtime/runtime.js:63:40)\n    at Generator.invoke [as _invoke] (node_modules/regenerator-runtime/runtime.js:294:22)\n    at Generator.next (node_modules/regenerator-runtime/runtime.js:119:21)\n    at asyncGeneratorStep (dist-server/tests/sample-tests.js:25:103)\n    at _next (dist-server/tests/sample-tests.js:27:194)\n    at processTicksAndRejections (internal/process/task_queues.js:95:5)",
                    "diff": "- 12.56529999896884\n+ 1\n"
                  },
                  "uuid": "16f74e64-56ee-4d14-818f-1a77333a56c0",
                  "parentUUID": "80fe9673-a445-4109-995f-d6992e512c73",
                  "isHook": false,
                  "skipped": false
                },
                {
                  "title": "Validate if feedback \"inputTestCase\" finish earlier  than 1 ms",
                  "fullTitle": "Threshold time testing  First Class of Feedback Validate if feedback \"inputTestCase\" finish earlier  than 1 ms",
                  "timedOut": false,
                  "duration": 5,
                  "state": "failed",
                  "speed": null,
                  "pass": false,
                  "fail": true,
                  "pending": false,
                  "context": null,
                  "code": "var self = this, args = arguments; return new Promise(function (resolve, reject) { var gen = fn.apply(self, args); function _next(value) { asyncGeneratorStep(gen, resolve, reject, _next, _throw, \"next\", value); } function _throw(err) { asyncGeneratorStep(gen, resolve, reject, _next, _throw, \"throw\", err); } _next(undefined); });",
                  "err": {
                    "message": "AssertionError: expected 7.439799999818206 to be below 1",
                    "estack": "AssertionError: expected 7.439799999818206 to be below 1\n    at _callee2$ (dist-server/tests/sample-tests.js:155:47)\n    at tryCatch (node_modules/regenerator-runtime/runtime.js:63:40)\n    at Generator.invoke [as _invoke] (node_modules/regenerator-runtime/runtime.js:294:22)\n    at Generator.next (node_modules/regenerator-runtime/runtime.js:119:21)\n    at asyncGeneratorStep (dist-server/tests/sample-tests.js:25:103)\n    at _next (dist-server/tests/sample-tests.js:27:194)\n    at processTicksAndRejections (internal/process/task_queues.js:95:5)",
                    "diff": "- 7.439799999818206\n+ 1\n"
                  },
                  "uuid": "3bc21772-42d4-47c0-9930-4f671c6232cd",
                  "parentUUID": "80fe9673-a445-4109-995f-d6992e512c73",
                  "isHook": false,
                  "skipped": false
                },
                {
                  "title": "Validate if feedback \"motivate\" finish earlier  than 100 ms",
                  "fullTitle": "Threshold time testing  First Class of Feedback Validate if feedback \"motivate\" finish earlier  than 100 ms",
                  "timedOut": false,
                  "duration": 9,
                  "state": "passed",
                  "speed": "fast",
                  "pass": true,
                  "fail": false,
                  "pending": false,
                  "context": null,
                  "code": "var self = this, args = arguments; return new Promise(function (resolve, reject) { var gen = fn.apply(self, args); function _next(value) { asyncGeneratorStep(gen, resolve, reject, _next, _throw, \"next\", value); } function _throw(err) { asyncGeneratorStep(gen, resolve, reject, _next, _throw, \"throw\", err); } _next(undefined); });",
                  "err": {},
                  "uuid": "a474c388-da81-4edc-adfd-eac66d6c8da6",
                  "parentUUID": "80fe9673-a445-4109-995f-d6992e512c73",
                  "isHook": false,
                  "skipped": false
                },
                {
                  "title": "Validate if feedback \"motivateHarder\" finish earlier  than 100 ms",
                  "fullTitle": "Threshold time testing  First Class of Feedback Validate if feedback \"motivateHarder\" finish earlier  than 100 ms",
                  "timedOut": false,
                  "duration": 5,
                  "state": "passed",
                  "speed": "fast",
                  "pass": true,
                  "fail": false,
                  "pending": false,
                  "context": null,
                  "code": "var self = this, args = arguments; return new Promise(function (resolve, reject) { var gen = fn.apply(self, args); function _next(value) { asyncGeneratorStep(gen, resolve, reject, _next, _throw, \"next\", value); } function _throw(err) { asyncGeneratorStep(gen, resolve, reject, _next, _throw, \"throw\", err); } _next(undefined); });",
                  "err": {},
                  "uuid": "19170d90-302f-435c-bac7-3512da5547c1",
                  "parentUUID": "80fe9673-a445-4109-995f-d6992e512c73",
                  "isHook": false,
                  "skipped": false
                },
                {
                  "title": "Validate if feedback \"outputTestCase\" finish earlier  than 100 ms",
                  "fullTitle": "Threshold time testing  First Class of Feedback Validate if feedback \"outputTestCase\" finish earlier  than 100 ms",
                  "timedOut": false,
                  "duration": 6,
                  "state": "passed",
                  "speed": "fast",
                  "pass": true,
                  "fail": false,
                  "pending": false,
                  "context": null,
                  "code": "var self = this, args = arguments; return new Promise(function (resolve, reject) { var gen = fn.apply(self, args); function _next(value) { asyncGeneratorStep(gen, resolve, reject, _next, _throw, \"next\", value); } function _throw(err) { asyncGeneratorStep(gen, resolve, reject, _next, _throw, \"throw\", err); } _next(undefined); });",
                  "err": {},
                  "uuid": "dfee6ea1-8ea5-45fc-bcf5-1bb7b76aead6",
                  "parentUUID": "80fe9673-a445-4109-995f-d6992e512c73",
                  "isHook": false,
                  "skipped": false
                },
                {
                  "title": "Validate if feedback \"percentage\" finish earlier  than 100 ms",
                  "fullTitle": "Threshold time testing  First Class of Feedback Validate if feedback \"percentage\" finish earlier  than 100 ms",
                  "timedOut": false,
                  "duration": 5,
                  "state": "passed",
                  "speed": "fast",
                  "pass": true,
                  "fail": false,
                  "pending": false,
                  "context": null,
                  "code": "var self = this, args = arguments; return new Promise(function (resolve, reject) { var gen = fn.apply(self, args); function _next(value) { asyncGeneratorStep(gen, resolve, reject, _next, _throw, \"next\", value); } function _throw(err) { asyncGeneratorStep(gen, resolve, reject, _next, _throw, \"throw\", err); } _next(undefined); });",
                  "err": {},
                  "uuid": "b53384a7-f572-4b04-97d6-592f9a88fa2d",
                  "parentUUID": "80fe9673-a445-4109-995f-d6992e512c73",
                  "isHook": false,
                  "skipped": false
                },
                {
                  "title": "Validate if feedback \"submissionNumbers\" finish earlier  than 1 ms",
                  "fullTitle": "Threshold time testing  First Class of Feedback Validate if feedback \"submissionNumbers\" finish earlier  than 1 ms",
                  "timedOut": false,
                  "duration": 4,
                  "state": "failed",
                  "speed": null,
                  "pass": false,
                  "fail": true,
                  "pending": false,
                  "context": null,
                  "code": "var self = this, args = arguments; return new Promise(function (resolve, reject) { var gen = fn.apply(self, args); function _next(value) { asyncGeneratorStep(gen, resolve, reject, _next, _throw, \"next\", value); } function _throw(err) { asyncGeneratorStep(gen, resolve, reject, _next, _throw, \"throw\", err); } _next(undefined); });",
                  "err": {
                    "message": "AssertionError: expected 7.345399999991059 to be below 1",
                    "estack": "AssertionError: expected 7.345399999991059 to be below 1\n    at _callee2$ (dist-server/tests/sample-tests.js:155:47)\n    at tryCatch (node_modules/regenerator-runtime/runtime.js:63:40)\n    at Generator.invoke [as _invoke] (node_modules/regenerator-runtime/runtime.js:294:22)\n    at Generator.next (node_modules/regenerator-runtime/runtime.js:119:21)\n    at asyncGeneratorStep (dist-server/tests/sample-tests.js:25:103)\n    at _next (dist-server/tests/sample-tests.js:27:194)\n    at processTicksAndRejections (internal/process/task_queues.js:95:5)",
                    "diff": "- 7.345399999991059\n+ 1\n"
                  },
                  "uuid": "68948c68-f80c-41c7-9ea6-a7cc98f29837",
                  "parentUUID": "80fe9673-a445-4109-995f-d6992e512c73",
                  "isHook": false,
                  "skipped": false
                },
                {
                  "title": "Validate if feedback \"alreadyDidItBefore\" finish earlier  than 1 ms",
                  "fullTitle": "Threshold time testing  First Class of Feedback Validate if feedback \"alreadyDidItBefore\" finish earlier  than 1 ms",
                  "timedOut": false,
                  "duration": 7,
                  "state": "failed",
                  "speed": null,
                  "pass": false,
                  "fail": true,
                  "pending": false,
                  "context": null,
                  "code": "var self = this, args = arguments; return new Promise(function (resolve, reject) { var gen = fn.apply(self, args); function _next(value) { asyncGeneratorStep(gen, resolve, reject, _next, _throw, \"next\", value); } function _throw(err) { asyncGeneratorStep(gen, resolve, reject, _next, _throw, \"throw\", err); } _next(undefined); });",
                  "err": {
                    "message": "AssertionError: expected 9.162799999117851 to be below 1",
                    "estack": "AssertionError: expected 9.162799999117851 to be below 1\n    at _callee2$ (dist-server/tests/sample-tests.js:155:47)\n    at tryCatch (node_modules/regenerator-runtime/runtime.js:63:40)\n    at Generator.invoke [as _invoke] (node_modules/regenerator-runtime/runtime.js:294:22)\n    at Generator.next (node_modules/regenerator-runtime/runtime.js:119:21)\n    at asyncGeneratorStep (dist-server/tests/sample-tests.js:25:103)\n    at _next (dist-server/tests/sample-tests.js:27:194)\n    at processTicksAndRejections (internal/process/task_queues.js:95:5)",
                    "diff": "- 9.162799999117851\n+ 1\n"
                  },
                  "uuid": "f5f6d15f-9a8f-4bcd-b999-10961f02e64b",
                  "parentUUID": "80fe9673-a445-4109-995f-d6992e512c73",
                  "isHook": false,
                  "skipped": false
                },
                {
                  "title": "Validate if feedback \"frequemcy\" finish earlier  than 1 ms",
                  "fullTitle": "Threshold time testing  First Class of Feedback Validate if feedback \"frequemcy\" finish earlier  than 1 ms",
                  "timedOut": false,
                  "duration": 6,
                  "state": "failed",
                  "speed": null,
                  "pass": false,
                  "fail": true,
                  "pending": false,
                  "context": null,
                  "code": "var self = this, args = arguments; return new Promise(function (resolve, reject) { var gen = fn.apply(self, args); function _next(value) { asyncGeneratorStep(gen, resolve, reject, _next, _throw, \"next\", value); } function _throw(err) { asyncGeneratorStep(gen, resolve, reject, _next, _throw, \"throw\", err); } _next(undefined); });",
                  "err": {
                    "message": "AssertionError: expected 8.169600000604987 to be below 1",
                    "estack": "AssertionError: expected 8.169600000604987 to be below 1\n    at _callee2$ (dist-server/tests/sample-tests.js:155:47)\n    at tryCatch (node_modules/regenerator-runtime/runtime.js:63:40)\n    at Generator.invoke [as _invoke] (node_modules/regenerator-runtime/runtime.js:294:22)\n    at Generator.next (node_modules/regenerator-runtime/runtime.js:119:21)\n    at asyncGeneratorStep (dist-server/tests/sample-tests.js:25:103)\n    at _next (dist-server/tests/sample-tests.js:27:194)\n    at processTicksAndRejections (internal/process/task_queues.js:95:5)",
                    "diff": "- 8.169600000604987\n+ 1\n"
                  },
                  "uuid": "80a16ccd-d7b7-457b-b2e9-5b215d1be263",
                  "parentUUID": "80fe9673-a445-4109-995f-d6992e512c73",
                  "isHook": false,
                  "skipped": false
                },
                {
                  "title": "Validate if feedback \"hint\" finish earlier  than 1 ms",
                  "fullTitle": "Threshold time testing  First Class of Feedback Validate if feedback \"hint\" finish earlier  than 1 ms",
                  "timedOut": false,
                  "duration": 5,
                  "state": "failed",
                  "speed": null,
                  "pass": false,
                  "fail": true,
                  "pending": false,
                  "context": null,
                  "code": "var self = this, args = arguments; return new Promise(function (resolve, reject) { var gen = fn.apply(self, args); function _next(value) { asyncGeneratorStep(gen, resolve, reject, _next, _throw, \"next\", value); } function _throw(err) { asyncGeneratorStep(gen, resolve, reject, _next, _throw, \"throw\", err); } _next(undefined); });",
                  "err": {
                    "message": "AssertionError: expected 7.421400001272559 to be below 1",
                    "estack": "AssertionError: expected 7.421400001272559 to be below 1\n    at _callee2$ (dist-server/tests/sample-tests.js:155:47)\n    at tryCatch (node_modules/regenerator-runtime/runtime.js:63:40)\n    at Generator.invoke [as _invoke] (node_modules/regenerator-runtime/runtime.js:294:22)\n    at Generator.next (node_modules/regenerator-runtime/runtime.js:119:21)\n    at asyncGeneratorStep (dist-server/tests/sample-tests.js:25:103)\n    at _next (dist-server/tests/sample-tests.js:27:194)\n    at processTicksAndRejections (internal/process/task_queues.js:95:5)",
                    "diff": "- 7.421400001272559\n+ 1\n"
                  },
                  "uuid": "9b023c6a-d657-4965-a2b6-1cc8a807e404",
                  "parentUUID": "80fe9673-a445-4109-995f-d6992e512c73",
                  "isHook": false,
                  "skipped": false
                },
                {
                  "title": "Validate if feedback \"inputTestCase\" finish earlier  than 1 ms",
                  "fullTitle": "Threshold time testing  First Class of Feedback Validate if feedback \"inputTestCase\" finish earlier  than 1 ms",
                  "timedOut": false,
                  "duration": 7,
                  "state": "failed",
                  "speed": null,
                  "pass": false,
                  "fail": true,
                  "pending": false,
                  "context": null,
                  "code": "var self = this, args = arguments; return new Promise(function (resolve, reject) { var gen = fn.apply(self, args); function _next(value) { asyncGeneratorStep(gen, resolve, reject, _next, _throw, \"next\", value); } function _throw(err) { asyncGeneratorStep(gen, resolve, reject, _next, _throw, \"throw\", err); } _next(undefined); });",
                  "err": {
                    "message": "AssertionError: expected 8.825099999085069 to be below 1",
                    "estack": "AssertionError: expected 8.825099999085069 to be below 1\n    at _callee2$ (dist-server/tests/sample-tests.js:155:47)\n    at tryCatch (node_modules/regenerator-runtime/runtime.js:63:40)\n    at Generator.invoke [as _invoke] (node_modules/regenerator-runtime/runtime.js:294:22)\n    at Generator.next (node_modules/regenerator-runtime/runtime.js:119:21)\n    at asyncGeneratorStep (dist-server/tests/sample-tests.js:25:103)\n    at _next (dist-server/tests/sample-tests.js:27:194)\n    at processTicksAndRejections (internal/process/task_queues.js:95:5)",
                    "diff": "- 8.825099999085069\n+ 1\n"
                  },
                  "uuid": "0abebf15-5f76-403a-b954-06c1f335ed88",
                  "parentUUID": "80fe9673-a445-4109-995f-d6992e512c73",
                  "isHook": false,
                  "skipped": false
                },
                {
                  "title": "Validate if feedback \"motivate\" finish earlier  than 100 ms",
                  "fullTitle": "Threshold time testing  First Class of Feedback Validate if feedback \"motivate\" finish earlier  than 100 ms",
                  "timedOut": false,
                  "duration": 5,
                  "state": "passed",
                  "speed": "fast",
                  "pass": true,
                  "fail": false,
                  "pending": false,
                  "context": null,
                  "code": "var self = this, args = arguments; return new Promise(function (resolve, reject) { var gen = fn.apply(self, args); function _next(value) { asyncGeneratorStep(gen, resolve, reject, _next, _throw, \"next\", value); } function _throw(err) { asyncGeneratorStep(gen, resolve, reject, _next, _throw, \"throw\", err); } _next(undefined); });",
                  "err": {},
                  "uuid": "7667e09a-5f99-4da4-985f-c20d56bbe1a4",
                  "parentUUID": "80fe9673-a445-4109-995f-d6992e512c73",
                  "isHook": false,
                  "skipped": false
                },
                {
                  "title": "Validate if feedback \"motivateHarder\" finish earlier  than 100 ms",
                  "fullTitle": "Threshold time testing  First Class of Feedback Validate if feedback \"motivateHarder\" finish earlier  than 100 ms",
                  "timedOut": false,
                  "duration": 5,
                  "state": "passed",
                  "speed": "fast",
                  "pass": true,
                  "fail": false,
                  "pending": false,
                  "context": null,
                  "code": "var self = this, args = arguments; return new Promise(function (resolve, reject) { var gen = fn.apply(self, args); function _next(value) { asyncGeneratorStep(gen, resolve, reject, _next, _throw, \"next\", value); } function _throw(err) { asyncGeneratorStep(gen, resolve, reject, _next, _throw, \"throw\", err); } _next(undefined); });",
                  "err": {},
                  "uuid": "719d6ff4-bbcb-40d4-b1e7-41575090649e",
                  "parentUUID": "80fe9673-a445-4109-995f-d6992e512c73",
                  "isHook": false,
                  "skipped": false
                },
                {
                  "title": "Validate if feedback \"outputTestCase\" finish earlier  than 100 ms",
                  "fullTitle": "Threshold time testing  First Class of Feedback Validate if feedback \"outputTestCase\" finish earlier  than 100 ms",
                  "timedOut": false,
                  "duration": 6,
                  "state": "passed",
                  "speed": "fast",
                  "pass": true,
                  "fail": false,
                  "pending": false,
                  "context": null,
                  "code": "var self = this, args = arguments; return new Promise(function (resolve, reject) { var gen = fn.apply(self, args); function _next(value) { asyncGeneratorStep(gen, resolve, reject, _next, _throw, \"next\", value); } function _throw(err) { asyncGeneratorStep(gen, resolve, reject, _next, _throw, \"throw\", err); } _next(undefined); });",
                  "err": {},
                  "uuid": "bcb34da9-c32d-47f7-8ec8-27e7881045f7",
                  "parentUUID": "80fe9673-a445-4109-995f-d6992e512c73",
                  "isHook": false,
                  "skipped": false
                },
                {
                  "title": "Validate if feedback \"percentage\" finish earlier  than 100 ms",
                  "fullTitle": "Threshold time testing  First Class of Feedback Validate if feedback \"percentage\" finish earlier  than 100 ms",
                  "timedOut": false,
                  "duration": 6,
                  "state": "passed",
                  "speed": "fast",
                  "pass": true,
                  "fail": false,
                  "pending": false,
                  "context": null,
                  "code": "var self = this, args = arguments; return new Promise(function (resolve, reject) { var gen = fn.apply(self, args); function _next(value) { asyncGeneratorStep(gen, resolve, reject, _next, _throw, \"next\", value); } function _throw(err) { asyncGeneratorStep(gen, resolve, reject, _next, _throw, \"throw\", err); } _next(undefined); });",
                  "err": {},
                  "uuid": "0f74a1df-6b5d-4af9-a46f-dacb2e81a59c",
                  "parentUUID": "80fe9673-a445-4109-995f-d6992e512c73",
                  "isHook": false,
                  "skipped": false
                },
                {
                  "title": "Validate if feedback \"submissionNumbers\" finish earlier  than 1 ms",
                  "fullTitle": "Threshold time testing  First Class of Feedback Validate if feedback \"submissionNumbers\" finish earlier  than 1 ms",
                  "timedOut": false,
                  "duration": 5,
                  "state": "failed",
                  "speed": null,
                  "pass": false,
                  "fail": true,
                  "pending": false,
                  "context": null,
                  "code": "var self = this, args = arguments; return new Promise(function (resolve, reject) { var gen = fn.apply(self, args); function _next(value) { asyncGeneratorStep(gen, resolve, reject, _next, _throw, \"next\", value); } function _throw(err) { asyncGeneratorStep(gen, resolve, reject, _next, _throw, \"throw\", err); } _next(undefined); });",
                  "err": {
                    "message": "AssertionError: expected 8.167000001296401 to be below 1",
                    "estack": "AssertionError: expected 8.167000001296401 to be below 1\n    at _callee2$ (dist-server/tests/sample-tests.js:155:47)\n    at tryCatch (node_modules/regenerator-runtime/runtime.js:63:40)\n    at Generator.invoke [as _invoke] (node_modules/regenerator-runtime/runtime.js:294:22)\n    at Generator.next (node_modules/regenerator-runtime/runtime.js:119:21)\n    at asyncGeneratorStep (dist-server/tests/sample-tests.js:25:103)\n    at _next (dist-server/tests/sample-tests.js:27:194)\n    at processTicksAndRejections (internal/process/task_queues.js:95:5)",
                    "diff": "- 8.167000001296401\n+ 1\n"
                  },
                  "uuid": "ad3d3219-5226-46ea-9df9-6ba2e319b71d",
                  "parentUUID": "80fe9673-a445-4109-995f-d6992e512c73",
                  "isHook": false,
                  "skipped": false
                },
                {
                  "title": "Validate if feedback \"alreadyDidItBefore\" finish earlier  than 1 ms",
                  "fullTitle": "Threshold time testing  First Class of Feedback Validate if feedback \"alreadyDidItBefore\" finish earlier  than 1 ms",
                  "timedOut": false,
                  "duration": 6,
                  "state": "failed",
                  "speed": null,
                  "pass": false,
                  "fail": true,
                  "pending": false,
                  "context": null,
                  "code": "var self = this, args = arguments; return new Promise(function (resolve, reject) { var gen = fn.apply(self, args); function _next(value) { asyncGeneratorStep(gen, resolve, reject, _next, _throw, \"next\", value); } function _throw(err) { asyncGeneratorStep(gen, resolve, reject, _next, _throw, \"throw\", err); } _next(undefined); });",
                  "err": {
                    "message": "AssertionError: expected 7.865000000223517 to be below 1",
                    "estack": "AssertionError: expected 7.865000000223517 to be below 1\n    at _callee2$ (dist-server/tests/sample-tests.js:155:47)\n    at tryCatch (node_modules/regenerator-runtime/runtime.js:63:40)\n    at Generator.invoke [as _invoke] (node_modules/regenerator-runtime/runtime.js:294:22)\n    at Generator.next (node_modules/regenerator-runtime/runtime.js:119:21)\n    at asyncGeneratorStep (dist-server/tests/sample-tests.js:25:103)\n    at _next (dist-server/tests/sample-tests.js:27:194)\n    at processTicksAndRejections (internal/process/task_queues.js:95:5)",
                    "diff": "- 7.865000000223517\n+ 1\n"
                  },
                  "uuid": "be60dbac-f0c1-40f6-a7af-cbd8addff4be",
                  "parentUUID": "80fe9673-a445-4109-995f-d6992e512c73",
                  "isHook": false,
                  "skipped": false
                },
                {
                  "title": "Validate if feedback \"frequemcy\" finish earlier  than 1 ms",
                  "fullTitle": "Threshold time testing  First Class of Feedback Validate if feedback \"frequemcy\" finish earlier  than 1 ms",
                  "timedOut": false,
                  "duration": 5,
                  "state": "failed",
                  "speed": null,
                  "pass": false,
                  "fail": true,
                  "pending": false,
                  "context": null,
                  "code": "var self = this, args = arguments; return new Promise(function (resolve, reject) { var gen = fn.apply(self, args); function _next(value) { asyncGeneratorStep(gen, resolve, reject, _next, _throw, \"next\", value); } function _throw(err) { asyncGeneratorStep(gen, resolve, reject, _next, _throw, \"throw\", err); } _next(undefined); });",
                  "err": {
                    "message": "AssertionError: expected 7.940100001171231 to be below 1",
                    "estack": "AssertionError: expected 7.940100001171231 to be below 1\n    at _callee2$ (dist-server/tests/sample-tests.js:155:47)\n    at tryCatch (node_modules/regenerator-runtime/runtime.js:63:40)\n    at Generator.invoke [as _invoke] (node_modules/regenerator-runtime/runtime.js:294:22)\n    at Generator.next (node_modules/regenerator-runtime/runtime.js:119:21)\n    at asyncGeneratorStep (dist-server/tests/sample-tests.js:25:103)\n    at _next (dist-server/tests/sample-tests.js:27:194)\n    at processTicksAndRejections (internal/process/task_queues.js:95:5)",
                    "diff": "- 7.940100001171231\n+ 1\n"
                  },
                  "uuid": "56d1c1f5-7805-4222-af86-55d8c7a61e39",
                  "parentUUID": "80fe9673-a445-4109-995f-d6992e512c73",
                  "isHook": false,
                  "skipped": false
                },
                {
                  "title": "Validate if feedback \"hint\" finish earlier  than 1 ms",
                  "fullTitle": "Threshold time testing  First Class of Feedback Validate if feedback \"hint\" finish earlier  than 1 ms",
                  "timedOut": false,
                  "duration": 6,
                  "state": "failed",
                  "speed": null,
                  "pass": false,
                  "fail": true,
                  "pending": false,
                  "context": null,
                  "code": "var self = this, args = arguments; return new Promise(function (resolve, reject) { var gen = fn.apply(self, args); function _next(value) { asyncGeneratorStep(gen, resolve, reject, _next, _throw, \"next\", value); } function _throw(err) { asyncGeneratorStep(gen, resolve, reject, _next, _throw, \"throw\", err); } _next(undefined); });",
                  "err": {
                    "message": "AssertionError: expected 8.607200000435114 to be below 1",
                    "estack": "AssertionError: expected 8.607200000435114 to be below 1\n    at _callee2$ (dist-server/tests/sample-tests.js:155:47)\n    at tryCatch (node_modules/regenerator-runtime/runtime.js:63:40)\n    at Generator.invoke [as _invoke] (node_modules/regenerator-runtime/runtime.js:294:22)\n    at Generator.next (node_modules/regenerator-runtime/runtime.js:119:21)\n    at asyncGeneratorStep (dist-server/tests/sample-tests.js:25:103)\n    at _next (dist-server/tests/sample-tests.js:27:194)\n    at processTicksAndRejections (internal/process/task_queues.js:95:5)",
                    "diff": "- 8.607200000435114\n+ 1\n"
                  },
                  "uuid": "29b683f0-e70e-42dd-b9b9-ee9d65690f03",
                  "parentUUID": "80fe9673-a445-4109-995f-d6992e512c73",
                  "isHook": false,
                  "skipped": false
                },
                {
                  "title": "Validate if feedback \"inputTestCase\" finish earlier  than 1 ms",
                  "fullTitle": "Threshold time testing  First Class of Feedback Validate if feedback \"inputTestCase\" finish earlier  than 1 ms",
                  "timedOut": false,
                  "duration": 5,
                  "state": "failed",
                  "speed": null,
                  "pass": false,
                  "fail": true,
                  "pending": false,
                  "context": null,
                  "code": "var self = this, args = arguments; return new Promise(function (resolve, reject) { var gen = fn.apply(self, args); function _next(value) { asyncGeneratorStep(gen, resolve, reject, _next, _throw, \"next\", value); } function _throw(err) { asyncGeneratorStep(gen, resolve, reject, _next, _throw, \"throw\", err); } _next(undefined); });",
                  "err": {
                    "message": "AssertionError: expected 7.630000000819564 to be below 1",
                    "estack": "AssertionError: expected 7.630000000819564 to be below 1\n    at _callee2$ (dist-server/tests/sample-tests.js:155:47)\n    at tryCatch (node_modules/regenerator-runtime/runtime.js:63:40)\n    at Generator.invoke [as _invoke] (node_modules/regenerator-runtime/runtime.js:294:22)\n    at Generator.next (node_modules/regenerator-runtime/runtime.js:119:21)\n    at asyncGeneratorStep (dist-server/tests/sample-tests.js:25:103)\n    at _next (dist-server/tests/sample-tests.js:27:194)\n    at processTicksAndRejections (internal/process/task_queues.js:95:5)",
                    "diff": "- 7.630000000819564\n+ 1\n"
                  },
                  "uuid": "9f515cba-9e41-46bf-8bce-f5b47baa5a62",
                  "parentUUID": "80fe9673-a445-4109-995f-d6992e512c73",
                  "isHook": false,
                  "skipped": false
                },
                {
                  "title": "Validate if feedback \"motivate\" finish earlier  than 100 ms",
                  "fullTitle": "Threshold time testing  First Class of Feedback Validate if feedback \"motivate\" finish earlier  than 100 ms",
                  "timedOut": false,
                  "duration": 5,
                  "state": "passed",
                  "speed": "fast",
                  "pass": true,
                  "fail": false,
                  "pending": false,
                  "context": null,
                  "code": "var self = this, args = arguments; return new Promise(function (resolve, reject) { var gen = fn.apply(self, args); function _next(value) { asyncGeneratorStep(gen, resolve, reject, _next, _throw, \"next\", value); } function _throw(err) { asyncGeneratorStep(gen, resolve, reject, _next, _throw, \"throw\", err); } _next(undefined); });",
                  "err": {},
                  "uuid": "a129f12a-1724-4a70-8188-41f76685f8b2",
                  "parentUUID": "80fe9673-a445-4109-995f-d6992e512c73",
                  "isHook": false,
                  "skipped": false
                },
                {
                  "title": "Validate if feedback \"motivateHarder\" finish earlier  than 100 ms",
                  "fullTitle": "Threshold time testing  First Class of Feedback Validate if feedback \"motivateHarder\" finish earlier  than 100 ms",
                  "timedOut": false,
                  "duration": 7,
                  "state": "passed",
                  "speed": "fast",
                  "pass": true,
                  "fail": false,
                  "pending": false,
                  "context": null,
                  "code": "var self = this, args = arguments; return new Promise(function (resolve, reject) { var gen = fn.apply(self, args); function _next(value) { asyncGeneratorStep(gen, resolve, reject, _next, _throw, \"next\", value); } function _throw(err) { asyncGeneratorStep(gen, resolve, reject, _next, _throw, \"throw\", err); } _next(undefined); });",
                  "err": {},
                  "uuid": "d0de2de9-0daf-4df6-9976-fc4cde994979",
                  "parentUUID": "80fe9673-a445-4109-995f-d6992e512c73",
                  "isHook": false,
                  "skipped": false
                },
                {
                  "title": "Validate if feedback \"outputTestCase\" finish earlier  than 100 ms",
                  "fullTitle": "Threshold time testing  First Class of Feedback Validate if feedback \"outputTestCase\" finish earlier  than 100 ms",
                  "timedOut": false,
                  "duration": 16,
                  "state": "passed",
                  "speed": "fast",
                  "pass": true,
                  "fail": false,
                  "pending": false,
                  "context": null,
                  "code": "var self = this, args = arguments; return new Promise(function (resolve, reject) { var gen = fn.apply(self, args); function _next(value) { asyncGeneratorStep(gen, resolve, reject, _next, _throw, \"next\", value); } function _throw(err) { asyncGeneratorStep(gen, resolve, reject, _next, _throw, \"throw\", err); } _next(undefined); });",
                  "err": {},
                  "uuid": "bdfaba60-043e-4612-bd4e-8da526cda452",
                  "parentUUID": "80fe9673-a445-4109-995f-d6992e512c73",
                  "isHook": false,
                  "skipped": false
                },
                {
                  "title": "Validate if feedback \"percentage\" finish earlier  than 100 ms",
                  "fullTitle": "Threshold time testing  First Class of Feedback Validate if feedback \"percentage\" finish earlier  than 100 ms",
                  "timedOut": false,
                  "duration": 18,
                  "state": "passed",
                  "speed": "fast",
                  "pass": true,
                  "fail": false,
                  "pending": false,
                  "context": null,
                  "code": "var self = this, args = arguments; return new Promise(function (resolve, reject) { var gen = fn.apply(self, args); function _next(value) { asyncGeneratorStep(gen, resolve, reject, _next, _throw, \"next\", value); } function _throw(err) { asyncGeneratorStep(gen, resolve, reject, _next, _throw, \"throw\", err); } _next(undefined); });",
                  "err": {},
                  "uuid": "96568f52-a7d0-44be-a76a-e396121177ab",
                  "parentUUID": "80fe9673-a445-4109-995f-d6992e512c73",
                  "isHook": false,
                  "skipped": false
                },
                {
                  "title": "Validate if feedback \"submissionNumbers\" finish earlier  than 1 ms",
                  "fullTitle": "Threshold time testing  First Class of Feedback Validate if feedback \"submissionNumbers\" finish earlier  than 1 ms",
                  "timedOut": false,
                  "duration": 6,
                  "state": "failed",
                  "speed": null,
                  "pass": false,
                  "fail": true,
                  "pending": false,
                  "context": null,
                  "code": "var self = this, args = arguments; return new Promise(function (resolve, reject) { var gen = fn.apply(self, args); function _next(value) { asyncGeneratorStep(gen, resolve, reject, _next, _throw, \"next\", value); } function _throw(err) { asyncGeneratorStep(gen, resolve, reject, _next, _throw, \"throw\", err); } _next(undefined); });",
                  "err": {
                    "message": "AssertionError: expected 8.782100001350045 to be below 1",
                    "estack": "AssertionError: expected 8.782100001350045 to be below 1\n    at _callee2$ (dist-server/tests/sample-tests.js:155:47)\n    at tryCatch (node_modules/regenerator-runtime/runtime.js:63:40)\n    at Generator.invoke [as _invoke] (node_modules/regenerator-runtime/runtime.js:294:22)\n    at Generator.next (node_modules/regenerator-runtime/runtime.js:119:21)\n    at asyncGeneratorStep (dist-server/tests/sample-tests.js:25:103)\n    at _next (dist-server/tests/sample-tests.js:27:194)\n    at runMicrotasks (<anonymous>)\n    at processTicksAndRejections (internal/process/task_queues.js:95:5)",
                    "diff": "- 8.782100001350045\n+ 1\n"
                  },
                  "uuid": "df65c5e6-5085-4233-bd2b-b1e2fdae8a89",
                  "parentUUID": "80fe9673-a445-4109-995f-d6992e512c73",
                  "isHook": false,
                  "skipped": false
                },
                {
                  "title": "Validate if feedback \"alreadyDidItBefore\" finish earlier  than 1 ms",
                  "fullTitle": "Threshold time testing  First Class of Feedback Validate if feedback \"alreadyDidItBefore\" finish earlier  than 1 ms",
                  "timedOut": false,
                  "duration": 5,
                  "state": "failed",
                  "speed": null,
                  "pass": false,
                  "fail": true,
                  "pending": false,
                  "context": null,
                  "code": "var self = this, args = arguments; return new Promise(function (resolve, reject) { var gen = fn.apply(self, args); function _next(value) { asyncGeneratorStep(gen, resolve, reject, _next, _throw, \"next\", value); } function _throw(err) { asyncGeneratorStep(gen, resolve, reject, _next, _throw, \"throw\", err); } _next(undefined); });",
                  "err": {
                    "message": "AssertionError: expected 8.245300000533462 to be below 1",
                    "estack": "AssertionError: expected 8.245300000533462 to be below 1\n    at _callee2$ (dist-server/tests/sample-tests.js:155:47)\n    at tryCatch (node_modules/regenerator-runtime/runtime.js:63:40)\n    at Generator.invoke [as _invoke] (node_modules/regenerator-runtime/runtime.js:294:22)\n    at Generator.next (node_modules/regenerator-runtime/runtime.js:119:21)\n    at asyncGeneratorStep (dist-server/tests/sample-tests.js:25:103)\n    at _next (dist-server/tests/sample-tests.js:27:194)\n    at runMicrotasks (<anonymous>)\n    at processTicksAndRejections (internal/process/task_queues.js:95:5)",
                    "diff": "- 8.245300000533462\n+ 1\n"
                  },
                  "uuid": "47f34ead-bd83-4ae7-9e08-d2d11caaeb8e",
                  "parentUUID": "80fe9673-a445-4109-995f-d6992e512c73",
                  "isHook": false,
                  "skipped": false
                },
                {
                  "title": "Validate if feedback \"frequemcy\" finish earlier  than 1 ms",
                  "fullTitle": "Threshold time testing  First Class of Feedback Validate if feedback \"frequemcy\" finish earlier  than 1 ms",
                  "timedOut": false,
                  "duration": 6,
                  "state": "failed",
                  "speed": null,
                  "pass": false,
                  "fail": true,
                  "pending": false,
                  "context": null,
                  "code": "var self = this, args = arguments; return new Promise(function (resolve, reject) { var gen = fn.apply(self, args); function _next(value) { asyncGeneratorStep(gen, resolve, reject, _next, _throw, \"next\", value); } function _throw(err) { asyncGeneratorStep(gen, resolve, reject, _next, _throw, \"throw\", err); } _next(undefined); });",
                  "err": {
                    "message": "AssertionError: expected 8.78150000050664 to be below 1",
                    "estack": "AssertionError: expected 8.78150000050664 to be below 1\n    at _callee2$ (dist-server/tests/sample-tests.js:155:47)\n    at tryCatch (node_modules/regenerator-runtime/runtime.js:63:40)\n    at Generator.invoke [as _invoke] (node_modules/regenerator-runtime/runtime.js:294:22)\n    at Generator.next (node_modules/regenerator-runtime/runtime.js:119:21)\n    at asyncGeneratorStep (dist-server/tests/sample-tests.js:25:103)\n    at _next (dist-server/tests/sample-tests.js:27:194)\n    at runMicrotasks (<anonymous>)\n    at processTicksAndRejections (internal/process/task_queues.js:95:5)",
                    "diff": "- 8.78150000050664\n+ 1\n"
                  },
                  "uuid": "7e4861e1-0f1b-4c32-a59f-1c360faf3736",
                  "parentUUID": "80fe9673-a445-4109-995f-d6992e512c73",
                  "isHook": false,
                  "skipped": false
                },
                {
                  "title": "Validate if feedback \"hint\" finish earlier  than 1 ms",
                  "fullTitle": "Threshold time testing  First Class of Feedback Validate if feedback \"hint\" finish earlier  than 1 ms",
                  "timedOut": false,
                  "duration": 6,
                  "state": "failed",
                  "speed": null,
                  "pass": false,
                  "fail": true,
                  "pending": false,
                  "context": null,
                  "code": "var self = this, args = arguments; return new Promise(function (resolve, reject) { var gen = fn.apply(self, args); function _next(value) { asyncGeneratorStep(gen, resolve, reject, _next, _throw, \"next\", value); } function _throw(err) { asyncGeneratorStep(gen, resolve, reject, _next, _throw, \"throw\", err); } _next(undefined); });",
                  "err": {
                    "message": "AssertionError: expected 8.899000000208616 to be below 1",
                    "estack": "AssertionError: expected 8.899000000208616 to be below 1\n    at _callee2$ (dist-server/tests/sample-tests.js:155:47)\n    at tryCatch (node_modules/regenerator-runtime/runtime.js:63:40)\n    at Generator.invoke [as _invoke] (node_modules/regenerator-runtime/runtime.js:294:22)\n    at Generator.next (node_modules/regenerator-runtime/runtime.js:119:21)\n    at asyncGeneratorStep (dist-server/tests/sample-tests.js:25:103)\n    at _next (dist-server/tests/sample-tests.js:27:194)\n    at runMicrotasks (<anonymous>)\n    at processTicksAndRejections (internal/process/task_queues.js:95:5)",
                    "diff": "- 8.899000000208616\n+ 1\n"
                  },
                  "uuid": "7ebd0045-427f-4d5c-bda8-63d8798d0894",
                  "parentUUID": "80fe9673-a445-4109-995f-d6992e512c73",
                  "isHook": false,
                  "skipped": false
                },
                {
                  "title": "Validate if feedback \"inputTestCase\" finish earlier  than 1 ms",
                  "fullTitle": "Threshold time testing  First Class of Feedback Validate if feedback \"inputTestCase\" finish earlier  than 1 ms",
                  "timedOut": false,
                  "duration": 6,
                  "state": "failed",
                  "speed": null,
                  "pass": false,
                  "fail": true,
                  "pending": false,
                  "context": null,
                  "code": "var self = this, args = arguments; return new Promise(function (resolve, reject) { var gen = fn.apply(self, args); function _next(value) { asyncGeneratorStep(gen, resolve, reject, _next, _throw, \"next\", value); } function _throw(err) { asyncGeneratorStep(gen, resolve, reject, _next, _throw, \"throw\", err); } _next(undefined); });",
                  "err": {
                    "message": "AssertionError: expected 8.37470000050962 to be below 1",
                    "estack": "AssertionError: expected 8.37470000050962 to be below 1\n    at _callee2$ (dist-server/tests/sample-tests.js:155:47)\n    at tryCatch (node_modules/regenerator-runtime/runtime.js:63:40)\n    at Generator.invoke [as _invoke] (node_modules/regenerator-runtime/runtime.js:294:22)\n    at Generator.next (node_modules/regenerator-runtime/runtime.js:119:21)\n    at asyncGeneratorStep (dist-server/tests/sample-tests.js:25:103)\n    at _next (dist-server/tests/sample-tests.js:27:194)\n    at runMicrotasks (<anonymous>)\n    at processTicksAndRejections (internal/process/task_queues.js:95:5)",
                    "diff": "- 8.37470000050962\n+ 1\n"
                  },
                  "uuid": "79582101-1dcb-4bcb-9691-f3e61b6e19bc",
                  "parentUUID": "80fe9673-a445-4109-995f-d6992e512c73",
                  "isHook": false,
                  "skipped": false
                },
                {
                  "title": "Validate if feedback \"motivate\" finish earlier  than 100 ms",
                  "fullTitle": "Threshold time testing  First Class of Feedback Validate if feedback \"motivate\" finish earlier  than 100 ms",
                  "timedOut": false,
                  "duration": 6,
                  "state": "passed",
                  "speed": "fast",
                  "pass": true,
                  "fail": false,
                  "pending": false,
                  "context": null,
                  "code": "var self = this, args = arguments; return new Promise(function (resolve, reject) { var gen = fn.apply(self, args); function _next(value) { asyncGeneratorStep(gen, resolve, reject, _next, _throw, \"next\", value); } function _throw(err) { asyncGeneratorStep(gen, resolve, reject, _next, _throw, \"throw\", err); } _next(undefined); });",
                  "err": {},
                  "uuid": "4bfdbfc4-798e-4e35-8e52-173e2dcc611d",
                  "parentUUID": "80fe9673-a445-4109-995f-d6992e512c73",
                  "isHook": false,
                  "skipped": false
                },
                {
                  "title": "Validate if feedback \"motivateHarder\" finish earlier  than 100 ms",
                  "fullTitle": "Threshold time testing  First Class of Feedback Validate if feedback \"motivateHarder\" finish earlier  than 100 ms",
                  "timedOut": false,
                  "duration": 6,
                  "state": "passed",
                  "speed": "fast",
                  "pass": true,
                  "fail": false,
                  "pending": false,
                  "context": null,
                  "code": "var self = this, args = arguments; return new Promise(function (resolve, reject) { var gen = fn.apply(self, args); function _next(value) { asyncGeneratorStep(gen, resolve, reject, _next, _throw, \"next\", value); } function _throw(err) { asyncGeneratorStep(gen, resolve, reject, _next, _throw, \"throw\", err); } _next(undefined); });",
                  "err": {},
                  "uuid": "4c999a40-c3cf-4351-be4f-d8c7cdc60052",
                  "parentUUID": "80fe9673-a445-4109-995f-d6992e512c73",
                  "isHook": false,
                  "skipped": false
                },
                {
                  "title": "Validate if feedback \"outputTestCase\" finish earlier  than 100 ms",
                  "fullTitle": "Threshold time testing  First Class of Feedback Validate if feedback \"outputTestCase\" finish earlier  than 100 ms",
                  "timedOut": false,
                  "duration": 6,
                  "state": "passed",
                  "speed": "fast",
                  "pass": true,
                  "fail": false,
                  "pending": false,
                  "context": null,
                  "code": "var self = this, args = arguments; return new Promise(function (resolve, reject) { var gen = fn.apply(self, args); function _next(value) { asyncGeneratorStep(gen, resolve, reject, _next, _throw, \"next\", value); } function _throw(err) { asyncGeneratorStep(gen, resolve, reject, _next, _throw, \"throw\", err); } _next(undefined); });",
                  "err": {},
                  "uuid": "fb1fba98-4fa0-4d94-b498-c8b70d0b8b0c",
                  "parentUUID": "80fe9673-a445-4109-995f-d6992e512c73",
                  "isHook": false,
                  "skipped": false
                },
                {
                  "title": "Validate if feedback \"percentage\" finish earlier  than 100 ms",
                  "fullTitle": "Threshold time testing  First Class of Feedback Validate if feedback \"percentage\" finish earlier  than 100 ms",
                  "timedOut": false,
                  "duration": 5,
                  "state": "passed",
                  "speed": "fast",
                  "pass": true,
                  "fail": false,
                  "pending": false,
                  "context": null,
                  "code": "var self = this, args = arguments; return new Promise(function (resolve, reject) { var gen = fn.apply(self, args); function _next(value) { asyncGeneratorStep(gen, resolve, reject, _next, _throw, \"next\", value); } function _throw(err) { asyncGeneratorStep(gen, resolve, reject, _next, _throw, \"throw\", err); } _next(undefined); });",
                  "err": {},
                  "uuid": "bdced030-4439-4848-baaf-b9db0bd0a150",
                  "parentUUID": "80fe9673-a445-4109-995f-d6992e512c73",
                  "isHook": false,
                  "skipped": false
                },
                {
                  "title": "Validate if feedback \"submissionNumbers\" finish earlier  than 1 ms",
                  "fullTitle": "Threshold time testing  First Class of Feedback Validate if feedback \"submissionNumbers\" finish earlier  than 1 ms",
                  "timedOut": false,
                  "duration": 5,
                  "state": "failed",
                  "speed": null,
                  "pass": false,
                  "fail": true,
                  "pending": false,
                  "context": null,
                  "code": "var self = this, args = arguments; return new Promise(function (resolve, reject) { var gen = fn.apply(self, args); function _next(value) { asyncGeneratorStep(gen, resolve, reject, _next, _throw, \"next\", value); } function _throw(err) { asyncGeneratorStep(gen, resolve, reject, _next, _throw, \"throw\", err); } _next(undefined); });",
                  "err": {
                    "message": "AssertionError: expected 8.428700000047684 to be below 1",
                    "estack": "AssertionError: expected 8.428700000047684 to be below 1\n    at _callee2$ (dist-server/tests/sample-tests.js:155:47)\n    at tryCatch (node_modules/regenerator-runtime/runtime.js:63:40)\n    at Generator.invoke [as _invoke] (node_modules/regenerator-runtime/runtime.js:294:22)\n    at Generator.next (node_modules/regenerator-runtime/runtime.js:119:21)\n    at asyncGeneratorStep (dist-server/tests/sample-tests.js:25:103)\n    at _next (dist-server/tests/sample-tests.js:27:194)\n    at runMicrotasks (<anonymous>)\n    at processTicksAndRejections (internal/process/task_queues.js:95:5)",
                    "diff": "- 8.428700000047684\n+ 1\n"
                  },
                  "uuid": "ea714307-454c-408c-a161-c76914fa0370",
                  "parentUUID": "80fe9673-a445-4109-995f-d6992e512c73",
                  "isHook": false,
                  "skipped": false
                },
                {
                  "title": "Validate if feedback \"alreadyDidItBefore\" finish earlier  than 1 ms",
                  "fullTitle": "Threshold time testing  First Class of Feedback Validate if feedback \"alreadyDidItBefore\" finish earlier  than 1 ms",
                  "timedOut": false,
                  "duration": 6,
                  "state": "failed",
                  "speed": null,
                  "pass": false,
                  "fail": true,
                  "pending": false,
                  "context": null,
                  "code": "var self = this, args = arguments; return new Promise(function (resolve, reject) { var gen = fn.apply(self, args); function _next(value) { asyncGeneratorStep(gen, resolve, reject, _next, _throw, \"next\", value); } function _throw(err) { asyncGeneratorStep(gen, resolve, reject, _next, _throw, \"throw\", err); } _next(undefined); });",
                  "err": {
                    "message": "AssertionError: expected 8.38179999962449 to be below 1",
                    "estack": "AssertionError: expected 8.38179999962449 to be below 1\n    at _callee2$ (dist-server/tests/sample-tests.js:155:47)\n    at tryCatch (node_modules/regenerator-runtime/runtime.js:63:40)\n    at Generator.invoke [as _invoke] (node_modules/regenerator-runtime/runtime.js:294:22)\n    at Generator.next (node_modules/regenerator-runtime/runtime.js:119:21)\n    at asyncGeneratorStep (dist-server/tests/sample-tests.js:25:103)\n    at _next (dist-server/tests/sample-tests.js:27:194)\n    at runMicrotasks (<anonymous>)\n    at processTicksAndRejections (internal/process/task_queues.js:95:5)",
                    "diff": "- 8.38179999962449\n+ 1\n"
                  },
                  "uuid": "bcd04769-9a05-4d84-a24c-562bd2707292",
                  "parentUUID": "80fe9673-a445-4109-995f-d6992e512c73",
                  "isHook": false,
                  "skipped": false
                },
                {
                  "title": "Validate if feedback \"frequemcy\" finish earlier  than 1 ms",
                  "fullTitle": "Threshold time testing  First Class of Feedback Validate if feedback \"frequemcy\" finish earlier  than 1 ms",
                  "timedOut": false,
                  "duration": 5,
                  "state": "failed",
                  "speed": null,
                  "pass": false,
                  "fail": true,
                  "pending": false,
                  "context": null,
                  "code": "var self = this, args = arguments; return new Promise(function (resolve, reject) { var gen = fn.apply(self, args); function _next(value) { asyncGeneratorStep(gen, resolve, reject, _next, _throw, \"next\", value); } function _throw(err) { asyncGeneratorStep(gen, resolve, reject, _next, _throw, \"throw\", err); } _next(undefined); });",
                  "err": {
                    "message": "AssertionError: expected 7.642800001427531 to be below 1",
                    "estack": "AssertionError: expected 7.642800001427531 to be below 1\n    at _callee2$ (dist-server/tests/sample-tests.js:155:47)\n    at tryCatch (node_modules/regenerator-runtime/runtime.js:63:40)\n    at Generator.invoke [as _invoke] (node_modules/regenerator-runtime/runtime.js:294:22)\n    at Generator.next (node_modules/regenerator-runtime/runtime.js:119:21)\n    at asyncGeneratorStep (dist-server/tests/sample-tests.js:25:103)\n    at _next (dist-server/tests/sample-tests.js:27:194)\n    at runMicrotasks (<anonymous>)\n    at processTicksAndRejections (internal/process/task_queues.js:95:5)",
                    "diff": "- 7.642800001427531\n+ 1\n"
                  },
                  "uuid": "9133f3f5-4b05-4e54-9f48-aa8add7c7e58",
                  "parentUUID": "80fe9673-a445-4109-995f-d6992e512c73",
                  "isHook": false,
                  "skipped": false
                },
                {
                  "title": "Validate if feedback \"hint\" finish earlier  than 1 ms",
                  "fullTitle": "Threshold time testing  First Class of Feedback Validate if feedback \"hint\" finish earlier  than 1 ms",
                  "timedOut": false,
                  "duration": 6,
                  "state": "failed",
                  "speed": null,
                  "pass": false,
                  "fail": true,
                  "pending": false,
                  "context": null,
                  "code": "var self = this, args = arguments; return new Promise(function (resolve, reject) { var gen = fn.apply(self, args); function _next(value) { asyncGeneratorStep(gen, resolve, reject, _next, _throw, \"next\", value); } function _throw(err) { asyncGeneratorStep(gen, resolve, reject, _next, _throw, \"throw\", err); } _next(undefined); });",
                  "err": {
                    "message": "AssertionError: expected 8.2347999997437 to be below 1",
                    "estack": "AssertionError: expected 8.2347999997437 to be below 1\n    at _callee2$ (dist-server/tests/sample-tests.js:155:47)\n    at tryCatch (node_modules/regenerator-runtime/runtime.js:63:40)\n    at Generator.invoke [as _invoke] (node_modules/regenerator-runtime/runtime.js:294:22)\n    at Generator.next (node_modules/regenerator-runtime/runtime.js:119:21)\n    at asyncGeneratorStep (dist-server/tests/sample-tests.js:25:103)\n    at _next (dist-server/tests/sample-tests.js:27:194)\n    at runMicrotasks (<anonymous>)\n    at processTicksAndRejections (internal/process/task_queues.js:95:5)",
                    "diff": "- 8.2347999997437\n+ 1\n"
                  },
                  "uuid": "53542f26-9a11-48ae-ab11-2b087e5e54c0",
                  "parentUUID": "80fe9673-a445-4109-995f-d6992e512c73",
                  "isHook": false,
                  "skipped": false
                },
                {
                  "title": "Validate if feedback \"inputTestCase\" finish earlier  than 1 ms",
                  "fullTitle": "Threshold time testing  First Class of Feedback Validate if feedback \"inputTestCase\" finish earlier  than 1 ms",
                  "timedOut": false,
                  "duration": 5,
                  "state": "failed",
                  "speed": null,
                  "pass": false,
                  "fail": true,
                  "pending": false,
                  "context": null,
                  "code": "var self = this, args = arguments; return new Promise(function (resolve, reject) { var gen = fn.apply(self, args); function _next(value) { asyncGeneratorStep(gen, resolve, reject, _next, _throw, \"next\", value); } function _throw(err) { asyncGeneratorStep(gen, resolve, reject, _next, _throw, \"throw\", err); } _next(undefined); });",
                  "err": {
                    "message": "AssertionError: expected 7.537100000306964 to be below 1",
                    "estack": "AssertionError: expected 7.537100000306964 to be below 1\n    at _callee2$ (dist-server/tests/sample-tests.js:155:47)\n    at tryCatch (node_modules/regenerator-runtime/runtime.js:63:40)\n    at Generator.invoke [as _invoke] (node_modules/regenerator-runtime/runtime.js:294:22)\n    at Generator.next (node_modules/regenerator-runtime/runtime.js:119:21)\n    at asyncGeneratorStep (dist-server/tests/sample-tests.js:25:103)\n    at _next (dist-server/tests/sample-tests.js:27:194)\n    at runMicrotasks (<anonymous>)\n    at processTicksAndRejections (internal/process/task_queues.js:95:5)",
                    "diff": "- 7.537100000306964\n+ 1\n"
                  },
                  "uuid": "19541cec-be19-4d3b-8839-5904f5bfcb79",
                  "parentUUID": "80fe9673-a445-4109-995f-d6992e512c73",
                  "isHook": false,
                  "skipped": false
                },
                {
                  "title": "Validate if feedback \"motivate\" finish earlier  than 100 ms",
                  "fullTitle": "Threshold time testing  First Class of Feedback Validate if feedback \"motivate\" finish earlier  than 100 ms",
                  "timedOut": false,
                  "duration": 4,
                  "state": "passed",
                  "speed": "fast",
                  "pass": true,
                  "fail": false,
                  "pending": false,
                  "context": null,
                  "code": "var self = this, args = arguments; return new Promise(function (resolve, reject) { var gen = fn.apply(self, args); function _next(value) { asyncGeneratorStep(gen, resolve, reject, _next, _throw, \"next\", value); } function _throw(err) { asyncGeneratorStep(gen, resolve, reject, _next, _throw, \"throw\", err); } _next(undefined); });",
                  "err": {},
                  "uuid": "ed5cf265-96bc-4e04-8a83-82744c95c969",
                  "parentUUID": "80fe9673-a445-4109-995f-d6992e512c73",
                  "isHook": false,
                  "skipped": false
                },
                {
                  "title": "Validate if feedback \"motivateHarder\" finish earlier  than 100 ms",
                  "fullTitle": "Threshold time testing  First Class of Feedback Validate if feedback \"motivateHarder\" finish earlier  than 100 ms",
                  "timedOut": false,
                  "duration": 5,
                  "state": "passed",
                  "speed": "fast",
                  "pass": true,
                  "fail": false,
                  "pending": false,
                  "context": null,
                  "code": "var self = this, args = arguments; return new Promise(function (resolve, reject) { var gen = fn.apply(self, args); function _next(value) { asyncGeneratorStep(gen, resolve, reject, _next, _throw, \"next\", value); } function _throw(err) { asyncGeneratorStep(gen, resolve, reject, _next, _throw, \"throw\", err); } _next(undefined); });",
                  "err": {},
                  "uuid": "0b61735b-7bf9-4c04-a05a-a0da827a58ac",
                  "parentUUID": "80fe9673-a445-4109-995f-d6992e512c73",
                  "isHook": false,
                  "skipped": false
                },
                {
                  "title": "Validate if feedback \"outputTestCase\" finish earlier  than 100 ms",
                  "fullTitle": "Threshold time testing  First Class of Feedback Validate if feedback \"outputTestCase\" finish earlier  than 100 ms",
                  "timedOut": false,
                  "duration": 5,
                  "state": "passed",
                  "speed": "fast",
                  "pass": true,
                  "fail": false,
                  "pending": false,
                  "context": null,
                  "code": "var self = this, args = arguments; return new Promise(function (resolve, reject) { var gen = fn.apply(self, args); function _next(value) { asyncGeneratorStep(gen, resolve, reject, _next, _throw, \"next\", value); } function _throw(err) { asyncGeneratorStep(gen, resolve, reject, _next, _throw, \"throw\", err); } _next(undefined); });",
                  "err": {},
                  "uuid": "b95484d7-7f36-4a02-aa7a-347042170765",
                  "parentUUID": "80fe9673-a445-4109-995f-d6992e512c73",
                  "isHook": false,
                  "skipped": false
                },
                {
                  "title": "Validate if feedback \"percentage\" finish earlier  than 100 ms",
                  "fullTitle": "Threshold time testing  First Class of Feedback Validate if feedback \"percentage\" finish earlier  than 100 ms",
                  "timedOut": false,
                  "duration": 5,
                  "state": "passed",
                  "speed": "fast",
                  "pass": true,
                  "fail": false,
                  "pending": false,
                  "context": null,
                  "code": "var self = this, args = arguments; return new Promise(function (resolve, reject) { var gen = fn.apply(self, args); function _next(value) { asyncGeneratorStep(gen, resolve, reject, _next, _throw, \"next\", value); } function _throw(err) { asyncGeneratorStep(gen, resolve, reject, _next, _throw, \"throw\", err); } _next(undefined); });",
                  "err": {},
                  "uuid": "4b2e9638-6688-4ebb-a8c4-7bdf7acfb362",
                  "parentUUID": "80fe9673-a445-4109-995f-d6992e512c73",
                  "isHook": false,
                  "skipped": false
                },
                {
                  "title": "Validate if feedback \"submissionNumbers\" finish earlier  than 1 ms",
                  "fullTitle": "Threshold time testing  First Class of Feedback Validate if feedback \"submissionNumbers\" finish earlier  than 1 ms",
                  "timedOut": false,
                  "duration": 7,
                  "state": "failed",
                  "speed": null,
                  "pass": false,
                  "fail": true,
                  "pending": false,
                  "context": null,
                  "code": "var self = this, args = arguments; return new Promise(function (resolve, reject) { var gen = fn.apply(self, args); function _next(value) { asyncGeneratorStep(gen, resolve, reject, _next, _throw, \"next\", value); } function _throw(err) { asyncGeneratorStep(gen, resolve, reject, _next, _throw, \"throw\", err); } _next(undefined); });",
                  "err": {
                    "message": "AssertionError: expected 9.000900000333786 to be below 1",
                    "estack": "AssertionError: expected 9.000900000333786 to be below 1\n    at _callee2$ (dist-server/tests/sample-tests.js:155:47)\n    at tryCatch (node_modules/regenerator-runtime/runtime.js:63:40)\n    at Generator.invoke [as _invoke] (node_modules/regenerator-runtime/runtime.js:294:22)\n    at Generator.next (node_modules/regenerator-runtime/runtime.js:119:21)\n    at asyncGeneratorStep (dist-server/tests/sample-tests.js:25:103)\n    at _next (dist-server/tests/sample-tests.js:27:194)\n    at runMicrotasks (<anonymous>)\n    at processTicksAndRejections (internal/process/task_queues.js:95:5)",
                    "diff": "- 9.000900000333786\n+ 1\n"
                  },
                  "uuid": "1540cc2a-fac1-4cda-8319-fd348d8864cf",
                  "parentUUID": "80fe9673-a445-4109-995f-d6992e512c73",
                  "isHook": false,
                  "skipped": false
                }
              ],
              "suites": [],
              "passes": [
                "69cbeb9f-bca0-44de-947b-b9a59ebfaa09",
                "0c41ff18-a7a6-4d33-b761-27f68bbaa9c9",
                "9653e527-ddb9-49dc-819a-888cef097cfd",
                "e86e5dba-4aeb-4598-a58b-bba3a683b9e1",
                "a474c388-da81-4edc-adfd-eac66d6c8da6",
                "19170d90-302f-435c-bac7-3512da5547c1",
                "dfee6ea1-8ea5-45fc-bcf5-1bb7b76aead6",
                "b53384a7-f572-4b04-97d6-592f9a88fa2d",
                "7667e09a-5f99-4da4-985f-c20d56bbe1a4",
                "719d6ff4-bbcb-40d4-b1e7-41575090649e",
                "bcb34da9-c32d-47f7-8ec8-27e7881045f7",
                "0f74a1df-6b5d-4af9-a46f-dacb2e81a59c",
                "a129f12a-1724-4a70-8188-41f76685f8b2",
                "d0de2de9-0daf-4df6-9976-fc4cde994979",
                "bdfaba60-043e-4612-bd4e-8da526cda452",
                "96568f52-a7d0-44be-a76a-e396121177ab",
                "4bfdbfc4-798e-4e35-8e52-173e2dcc611d",
                "4c999a40-c3cf-4351-be4f-d8c7cdc60052",
                "fb1fba98-4fa0-4d94-b498-c8b70d0b8b0c",
                "bdced030-4439-4848-baaf-b9db0bd0a150",
                "ed5cf265-96bc-4e04-8a83-82744c95c969",
                "0b61735b-7bf9-4c04-a05a-a0da827a58ac",
                "b95484d7-7f36-4a02-aa7a-347042170765",
                "4b2e9638-6688-4ebb-a8c4-7bdf7acfb362"
              ],
              "failures": [
                "1212331f-9ee0-420b-9f27-03e90d77bfc7",
                "dcc8480d-91eb-4ef2-ab4c-297ff7a4a425",
                "b95d1f4c-6458-4ed8-98f3-c588115ee22a",
                "7b608eb9-f986-4172-acea-81568da9fea6",
                "b62390b0-56dd-4daf-8884-96509385c57f",
                "28de7a83-4eaa-4962-86f7-5968f357a8f6",
                "c023b782-1ce2-4ebb-8090-b05d9e7f7e7d",
                "16f74e64-56ee-4d14-818f-1a77333a56c0",
                "3bc21772-42d4-47c0-9930-4f671c6232cd",
                "68948c68-f80c-41c7-9ea6-a7cc98f29837",
                "f5f6d15f-9a8f-4bcd-b999-10961f02e64b",
                "80a16ccd-d7b7-457b-b2e9-5b215d1be263",
                "9b023c6a-d657-4965-a2b6-1cc8a807e404",
                "0abebf15-5f76-403a-b954-06c1f335ed88",
                "ad3d3219-5226-46ea-9df9-6ba2e319b71d",
                "be60dbac-f0c1-40f6-a7af-cbd8addff4be",
                "56d1c1f5-7805-4222-af86-55d8c7a61e39",
                "29b683f0-e70e-42dd-b9b9-ee9d65690f03",
                "9f515cba-9e41-46bf-8bce-f5b47baa5a62",
                "df65c5e6-5085-4233-bd2b-b1e2fdae8a89",
                "47f34ead-bd83-4ae7-9e08-d2d11caaeb8e",
                "7e4861e1-0f1b-4c32-a59f-1c360faf3736",
                "7ebd0045-427f-4d5c-bda8-63d8798d0894",
                "79582101-1dcb-4bcb-9691-f3e61b6e19bc",
                "ea714307-454c-408c-a161-c76914fa0370",
                "bcd04769-9a05-4d84-a24c-562bd2707292",
                "9133f3f5-4b05-4e54-9f48-aa8add7c7e58",
                "53542f26-9a11-48ae-ab11-2b087e5e54c0",
                "19541cec-be19-4d3b-8839-5904f5bfcb79",
                "1540cc2a-fac1-4cda-8319-fd348d8864cf"
              ],
              "pending": [],
              "skipped": [],
              "duration": 349,
              "root": false,
              "rootEmpty": false,
              "_timeout": 200000
            }
          ],
          "passes": [],
          "failures": [],
          "pending": [],
          "skipped": [],
          "duration": 0,
          "root": false,
          "rootEmpty": false,
          "_timeout": 200000
        }
      ],
      "passes": [],
      "failures": [],
      "pending": [],
      "skipped": [],
      "duration": 0,
      "root": true,
      "rootEmpty": true,
      "_timeout": 200000
    }
  ],
  "meta": {
    "mocha": {
      "version": "9.2.1"
    },
    "mochawesome": {
      "options": {
        "quiet": false,
        "reportFilename": "mochawesome",
        "saveHtml": true,
        "saveJson": true,
        "consoleReporter": "spec",
        "useInlineDiffs": false,
        "code": true
      },
      "version": "7.0.1"
    },
    "marge": {
      "options": {
        "reportDir": "/mnt/e/INESC TEC/feedback-manager/public/execution-report/2022/03/15/13/02/59",
        "reportTitle": "Test Execution Report",
        "reportPageTitle": "Test Report",
        "charts": true
      },
      "version": "6.0.1"
    }
  }
}