<!doctype html>
<html lang="en"><head><meta charSet="utf-8"/><meta http-equiv="X-UA-Compatible" content="IE=edge"/><meta name="viewport" content="width=device-width, initial-scale=1"/><title>Test Report</title><link rel="stylesheet" href="assets/app.css"/></head><body data-raw="{&quot;stats&quot;:{&quot;suites&quot;:2,&quot;tests&quot;:9,&quot;passes&quot;:0,&quot;pending&quot;:0,&quot;failures&quot;:9,&quot;start&quot;:&quot;2022-04-04T16:54:41.657Z&quot;,&quot;end&quot;:&quot;2022-04-04T16:54:41.682Z&quot;,&quot;duration&quot;:25,&quot;testsRegistered&quot;:9,&quot;passPercent&quot;:0,&quot;pendingPercent&quot;:0,&quot;other&quot;:0,&quot;hasOther&quot;:false,&quot;skipped&quot;:0,&quot;hasSkipped&quot;:false},&quot;results&quot;:[{&quot;uuid&quot;:&quot;c211fb35-1ddc-4a9f-87a8-50520c77030e&quot;,&quot;title&quot;:&quot;&quot;,&quot;fullFile&quot;:&quot;&quot;,&quot;file&quot;:&quot;&quot;,&quot;beforeHooks&quot;:[],&quot;afterHooks&quot;:[],&quot;tests&quot;:[],&quot;suites&quot;:[{&quot;uuid&quot;:&quot;c8806826-eb6f-443e-a8aa-f208ade1f892&quot;,&quot;title&quot;:&quot;Threshold time testing&quot;,&quot;fullFile&quot;:&quot;&quot;,&quot;file&quot;:&quot;&quot;,&quot;beforeHooks&quot;:[],&quot;afterHooks&quot;:[],&quot;tests&quot;:[],&quot;suites&quot;:[{&quot;uuid&quot;:&quot;13a341ce-4db7-49ff-9b1a-66492d23975f&quot;,&quot;title&quot;:&quot; First Class of Feedback&quot;,&quot;fullFile&quot;:&quot;&quot;,&quot;file&quot;:&quot;&quot;,&quot;beforeHooks&quot;:[],&quot;afterHooks&quot;:[],&quot;tests&quot;:[{&quot;title&quot;:&quot;Validate if feedback \&quot;alreadyDidItBefore\&quot; finish earlier  than 1 ms&quot;,&quot;fullTitle&quot;:&quot;Threshold time testing  First Class of Feedback Validate if feedback \&quot;alreadyDidItBefore\&quot; finish earlier  than 1 ms&quot;,&quot;timedOut&quot;:false,&quot;duration&quot;:6,&quot;state&quot;:&quot;failed&quot;,&quot;pass&quot;:false,&quot;fail&quot;:true,&quot;pending&quot;:false,&quot;code&quot;:&quot;var self = this, args = arguments; return new Promise(function (resolve, reject) { var gen = fn.apply(self, args); function _next(value) { asyncGeneratorStep(gen, resolve, reject, _next, _throw, \&quot;next\&quot;, value); } function _throw(err) { asyncGeneratorStep(gen, resolve, reject, _next, _throw, \&quot;throw\&quot;, err); } _next(undefined); });&quot;,&quot;err&quot;:{&quot;message&quot;:&quot;AssertionError: expected 117.87050000019372 to be below 1&quot;,&quot;estack&quot;:&quot;AssertionError: expected 117.87050000019372 to be below 1\n    at _callee2$ (dist-server/tests/sample-tests.js:155:47)\n    at tryCatch (node_modules/regenerator-runtime/runtime.js:63:40)\n    at Generator.invoke [as _invoke] (node_modules/regenerator-runtime/runtime.js:294:22)\n    at Generator.next (node_modules/regenerator-runtime/runtime.js:119:21)\n    at asyncGeneratorStep (dist-server/tests/sample-tests.js:25:103)\n    at _next (dist-server/tests/sample-tests.js:27:194)\n    at processTicksAndRejections (internal/process/task_queues.js:95:5)&quot;,&quot;diff&quot;:&quot;- 117.87050000019372\n+ 1\n&quot;},&quot;uuid&quot;:&quot;640b4c6d-403e-40da-bf05-4e922e372630&quot;,&quot;parentUUID&quot;:&quot;13a341ce-4db7-49ff-9b1a-66492d23975f&quot;,&quot;isHook&quot;:false,&quot;skipped&quot;:false},{&quot;title&quot;:&quot;Validate if feedback \&quot;frequemcy\&quot; finish earlier  than 1 ms&quot;,&quot;fullTitle&quot;:&quot;Threshold time testing  First Class of Feedback Validate if feedback \&quot;frequemcy\&quot; finish earlier  than 1 ms&quot;,&quot;timedOut&quot;:false,&quot;duration&quot;:2,&quot;state&quot;:&quot;failed&quot;,&quot;pass&quot;:false,&quot;fail&quot;:true,&quot;pending&quot;:false,&quot;code&quot;:&quot;var self = this, args = arguments; return new Promise(function (resolve, reject) { var gen = fn.apply(self, args); function _next(value) { asyncGeneratorStep(gen, resolve, reject, _next, _throw, \&quot;next\&quot;, value); } function _throw(err) { asyncGeneratorStep(gen, resolve, reject, _next, _throw, \&quot;throw\&quot;, err); } _next(undefined); });&quot;,&quot;err&quot;:{&quot;message&quot;:&quot;AssertionError: expected 115.05159999988973 to be below 1&quot;,&quot;estack&quot;:&quot;AssertionError: expected 115.05159999988973 to be below 1\n    at _callee2$ (dist-server/tests/sample-tests.js:155:47)\n    at tryCatch (node_modules/regenerator-runtime/runtime.js:63:40)\n    at Generator.invoke [as _invoke] (node_modules/regenerator-runtime/runtime.js:294:22)\n    at Generator.next (node_modules/regenerator-runtime/runtime.js:119:21)\n    at asyncGeneratorStep (dist-server/tests/sample-tests.js:25:103)\n    at _next (dist-server/tests/sample-tests.js:27:194)\n    at processTicksAndRejections (internal/process/task_queues.js:95:5)&quot;,&quot;diff&quot;:&quot;- 115.05159999988973\n+ 1\n&quot;},&quot;uuid&quot;:&quot;94abc7b8-ec1d-4e7d-8650-fe168dfd0fdb&quot;,&quot;parentUUID&quot;:&quot;13a341ce-4db7-49ff-9b1a-66492d23975f&quot;,&quot;isHook&quot;:false,&quot;skipped&quot;:false},{&quot;title&quot;:&quot;Validate if feedback \&quot;hint\&quot; finish earlier  than 1 ms&quot;,&quot;fullTitle&quot;:&quot;Threshold time testing  First Class of Feedback Validate if feedback \&quot;hint\&quot; finish earlier  than 1 ms&quot;,&quot;timedOut&quot;:false,&quot;duration&quot;:1,&quot;state&quot;:&quot;failed&quot;,&quot;pass&quot;:false,&quot;fail&quot;:true,&quot;pending&quot;:false,&quot;code&quot;:&quot;var self = this, args = arguments; return new Promise(function (resolve, reject) { var gen = fn.apply(self, args); function _next(value) { asyncGeneratorStep(gen, resolve, reject, _next, _throw, \&quot;next\&quot;, value); } function _throw(err) { asyncGeneratorStep(gen, resolve, reject, _next, _throw, \&quot;throw\&quot;, err); } _next(undefined); });&quot;,&quot;err&quot;:{&quot;message&quot;:&quot;AssertionError: expected 114.86239999998361 to be below 1&quot;,&quot;estack&quot;:&quot;AssertionError: expected 114.86239999998361 to be below 1\n    at _callee2$ (dist-server/tests/sample-tests.js:155:47)\n    at tryCatch (node_modules/regenerator-runtime/runtime.js:63:40)\n    at Generator.invoke [as _invoke] (node_modules/regenerator-runtime/runtime.js:294:22)\n    at Generator.next (node_modules/regenerator-runtime/runtime.js:119:21)\n    at asyncGeneratorStep (dist-server/tests/sample-tests.js:25:103)\n    at _next (dist-server/tests/sample-tests.js:27:194)\n    at processTicksAndRejections (internal/process/task_queues.js:95:5)&quot;,&quot;diff&quot;:&quot;- 114.86239999998361\n+ 1\n&quot;},&quot;uuid&quot;:&quot;c09ae50d-a8eb-40a1-8a59-66dda041bfc7&quot;,&quot;parentUUID&quot;:&quot;13a341ce-4db7-49ff-9b1a-66492d23975f&quot;,&quot;isHook&quot;:false,&quot;skipped&quot;:false},{&quot;title&quot;:&quot;Validate if feedback \&quot;inputTestCase\&quot; finish earlier  than 1 ms&quot;,&quot;fullTitle&quot;:&quot;Threshold time testing  First Class of Feedback Validate if feedback \&quot;inputTestCase\&quot; finish earlier  than 1 ms&quot;,&quot;timedOut&quot;:false,&quot;duration&quot;:1,&quot;state&quot;:&quot;failed&quot;,&quot;pass&quot;:false,&quot;fail&quot;:true,&quot;pending&quot;:false,&quot;code&quot;:&quot;var self = this, args = arguments; return new Promise(function (resolve, reject) { var gen = fn.apply(self, args); function _next(value) { asyncGeneratorStep(gen, resolve, reject, _next, _throw, \&quot;next\&quot;, value); } function _throw(err) { asyncGeneratorStep(gen, resolve, reject, _next, _throw, \&quot;throw\&quot;, err); } _next(undefined); });&quot;,&quot;err&quot;:{&quot;message&quot;:&quot;AssertionError: expected 114.86039999965578 to be below 1&quot;,&quot;estack&quot;:&quot;AssertionError: expected 114.86039999965578 to be below 1\n    at _callee2$ (dist-server/tests/sample-tests.js:155:47)\n    at tryCatch (node_modules/regenerator-runtime/runtime.js:63:40)\n    at Generator.invoke [as _invoke] (node_modules/regenerator-runtime/runtime.js:294:22)\n    at Generator.next (node_modules/regenerator-runtime/runtime.js:119:21)\n    at asyncGeneratorStep (dist-server/tests/sample-tests.js:25:103)\n    at _next (dist-server/tests/sample-tests.js:27:194)\n    at processTicksAndRejections (internal/process/task_queues.js:95:5)&quot;,&quot;diff&quot;:&quot;- 114.86039999965578\n+ 1\n&quot;},&quot;uuid&quot;:&quot;c97d1206-f4f4-4579-b230-804f487e8bf6&quot;,&quot;parentUUID&quot;:&quot;13a341ce-4db7-49ff-9b1a-66492d23975f&quot;,&quot;isHook&quot;:false,&quot;skipped&quot;:false},{&quot;title&quot;:&quot;Validate if feedback \&quot;motivate\&quot; finish earlier  than 100 ms&quot;,&quot;fullTitle&quot;:&quot;Threshold time testing  First Class of Feedback Validate if feedback \&quot;motivate\&quot; finish earlier  than 100 ms&quot;,&quot;timedOut&quot;:false,&quot;duration&quot;:2,&quot;state&quot;:&quot;failed&quot;,&quot;pass&quot;:false,&quot;fail&quot;:true,&quot;pending&quot;:false,&quot;code&quot;:&quot;var self = this, args = arguments; return new Promise(function (resolve, reject) { var gen = fn.apply(self, args); function _next(value) { asyncGeneratorStep(gen, resolve, reject, _next, _throw, \&quot;next\&quot;, value); } function _throw(err) { asyncGeneratorStep(gen, resolve, reject, _next, _throw, \&quot;throw\&quot;, err); } _next(undefined); });&quot;,&quot;err&quot;:{&quot;message&quot;:&quot;AssertionError: expected 114.85309999994934 to be below 100&quot;,&quot;estack&quot;:&quot;AssertionError: expected 114.85309999994934 to be below 100\n    at _callee2$ (dist-server/tests/sample-tests.js:155:47)\n    at tryCatch (node_modules/regenerator-runtime/runtime.js:63:40)\n    at Generator.invoke [as _invoke] (node_modules/regenerator-runtime/runtime.js:294:22)\n    at Generator.next (node_modules/regenerator-runtime/runtime.js:119:21)\n    at asyncGeneratorStep (dist-server/tests/sample-tests.js:25:103)\n    at _next (dist-server/tests/sample-tests.js:27:194)\n    at processTicksAndRejections (internal/process/task_queues.js:95:5)&quot;,&quot;diff&quot;:&quot;- 114.85309999994934\n+ 100\n&quot;},&quot;uuid&quot;:&quot;96acb76f-1ed6-4c50-b58d-b836057bf9d0&quot;,&quot;parentUUID&quot;:&quot;13a341ce-4db7-49ff-9b1a-66492d23975f&quot;,&quot;isHook&quot;:false,&quot;skipped&quot;:false},{&quot;title&quot;:&quot;Validate if feedback \&quot;motivateHarder\&quot; finish earlier  than 100 ms&quot;,&quot;fullTitle&quot;:&quot;Threshold time testing  First Class of Feedback Validate if feedback \&quot;motivateHarder\&quot; finish earlier  than 100 ms&quot;,&quot;timedOut&quot;:false,&quot;duration&quot;:2,&quot;state&quot;:&quot;failed&quot;,&quot;pass&quot;:false,&quot;fail&quot;:true,&quot;pending&quot;:false,&quot;code&quot;:&quot;var self = this, args = arguments; return new Promise(function (resolve, reject) { var gen = fn.apply(self, args); function _next(value) { asyncGeneratorStep(gen, resolve, reject, _next, _throw, \&quot;next\&quot;, value); } function _throw(err) { asyncGeneratorStep(gen, resolve, reject, _next, _throw, \&quot;throw\&quot;, err); } _next(undefined); });&quot;,&quot;err&quot;:{&quot;message&quot;:&quot;AssertionError: expected 114.89639999996871 to be below 100&quot;,&quot;estack&quot;:&quot;AssertionError: expected 114.89639999996871 to be below 100\n    at _callee2$ (dist-server/tests/sample-tests.js:155:47)\n    at tryCatch (node_modules/regenerator-runtime/runtime.js:63:40)\n    at Generator.invoke [as _invoke] (node_modules/regenerator-runtime/runtime.js:294:22)\n    at Generator.next (node_modules/regenerator-runtime/runtime.js:119:21)\n    at asyncGeneratorStep (dist-server/tests/sample-tests.js:25:103)\n    at _next (dist-server/tests/sample-tests.js:27:194)\n    at processTicksAndRejections (internal/process/task_queues.js:95:5)&quot;,&quot;diff&quot;:&quot;- 114.89639999996871\n+ 100\n&quot;},&quot;uuid&quot;:&quot;1317dee5-ab36-46ba-84c0-f29fb29b1414&quot;,&quot;parentUUID&quot;:&quot;13a341ce-4db7-49ff-9b1a-66492d23975f&quot;,&quot;isHook&quot;:false,&quot;skipped&quot;:false},{&quot;title&quot;:&quot;Validate if feedback \&quot;outputTestCase\&quot; finish earlier  than 100 ms&quot;,&quot;fullTitle&quot;:&quot;Threshold time testing  First Class of Feedback Validate if feedback \&quot;outputTestCase\&quot; finish earlier  than 100 ms&quot;,&quot;timedOut&quot;:false,&quot;duration&quot;:2,&quot;state&quot;:&quot;failed&quot;,&quot;pass&quot;:false,&quot;fail&quot;:true,&quot;pending&quot;:false,&quot;code&quot;:&quot;var self = this, args = arguments; return new Promise(function (resolve, reject) { var gen = fn.apply(self, args); function _next(value) { asyncGeneratorStep(gen, resolve, reject, _next, _throw, \&quot;next\&quot;, value); } function _throw(err) { asyncGeneratorStep(gen, resolve, reject, _next, _throw, \&quot;throw\&quot;, err); } _next(undefined); });&quot;,&quot;err&quot;:{&quot;message&quot;:&quot;AssertionError: expected 114.92289999965578 to be below 100&quot;,&quot;estack&quot;:&quot;AssertionError: expected 114.92289999965578 to be below 100\n    at _callee2$ (dist-server/tests/sample-tests.js:155:47)\n    at tryCatch (node_modules/regenerator-runtime/runtime.js:63:40)\n    at Generator.invoke [as _invoke] (node_modules/regenerator-runtime/runtime.js:294:22)\n    at Generator.next (node_modules/regenerator-runtime/runtime.js:119:21)\n    at asyncGeneratorStep (dist-server/tests/sample-tests.js:25:103)\n    at _next (dist-server/tests/sample-tests.js:27:194)\n    at processTicksAndRejections (internal/process/task_queues.js:95:5)&quot;,&quot;diff&quot;:&quot;- 114.92289999965578\n+ 100\n&quot;},&quot;uuid&quot;:&quot;e6c338b3-e1aa-48cd-89bf-bfea1cdd2bf5&quot;,&quot;parentUUID&quot;:&quot;13a341ce-4db7-49ff-9b1a-66492d23975f&quot;,&quot;isHook&quot;:false,&quot;skipped&quot;:false},{&quot;title&quot;:&quot;Validate if feedback \&quot;percentage\&quot; finish earlier  than 100 ms&quot;,&quot;fullTitle&quot;:&quot;Threshold time testing  First Class of Feedback Validate if feedback \&quot;percentage\&quot; finish earlier  than 100 ms&quot;,&quot;timedOut&quot;:false,&quot;duration&quot;:2,&quot;state&quot;:&quot;failed&quot;,&quot;pass&quot;:false,&quot;fail&quot;:true,&quot;pending&quot;:false,&quot;code&quot;:&quot;var self = this, args = arguments; return new Promise(function (resolve, reject) { var gen = fn.apply(self, args); function _next(value) { asyncGeneratorStep(gen, resolve, reject, _next, _throw, \&quot;next\&quot;, value); } function _throw(err) { asyncGeneratorStep(gen, resolve, reject, _next, _throw, \&quot;throw\&quot;, err); } _next(undefined); });&quot;,&quot;err&quot;:{&quot;message&quot;:&quot;AssertionError: expected 114.94429999962449 to be below 100&quot;,&quot;estack&quot;:&quot;AssertionError: expected 114.94429999962449 to be below 100\n    at _callee2$ (dist-server/tests/sample-tests.js:155:47)\n    at tryCatch (node_modules/regenerator-runtime/runtime.js:63:40)\n    at Generator.invoke [as _invoke] (node_modules/regenerator-runtime/runtime.js:294:22)\n    at Generator.next (node_modules/regenerator-runtime/runtime.js:119:21)\n    at asyncGeneratorStep (dist-server/tests/sample-tests.js:25:103)\n    at _next (dist-server/tests/sample-tests.js:27:194)\n    at processTicksAndRejections (internal/process/task_queues.js:95:5)&quot;,&quot;diff&quot;:&quot;- 114.94429999962449\n+ 100\n&quot;},&quot;uuid&quot;:&quot;67c92838-e813-468e-b2a8-5fec588f2ff3&quot;,&quot;parentUUID&quot;:&quot;13a341ce-4db7-49ff-9b1a-66492d23975f&quot;,&quot;isHook&quot;:false,&quot;skipped&quot;:false},{&quot;title&quot;:&quot;Validate if feedback \&quot;submissionNumbers\&quot; finish earlier  than 1 ms&quot;,&quot;fullTitle&quot;:&quot;Threshold time testing  First Class of Feedback Validate if feedback \&quot;submissionNumbers\&quot; finish earlier  than 1 ms&quot;,&quot;timedOut&quot;:false,&quot;duration&quot;:1,&quot;state&quot;:&quot;failed&quot;,&quot;pass&quot;:false,&quot;fail&quot;:true,&quot;pending&quot;:false,&quot;code&quot;:&quot;var self = this, args = arguments; return new Promise(function (resolve, reject) { var gen = fn.apply(self, args); function _next(value) { asyncGeneratorStep(gen, resolve, reject, _next, _throw, \&quot;next\&quot;, value); } function _throw(err) { asyncGeneratorStep(gen, resolve, reject, _next, _throw, \&quot;throw\&quot;, err); } _next(undefined); });&quot;,&quot;err&quot;:{&quot;message&quot;:&quot;AssertionError: expected 114.79679999966174 to be below 1&quot;,&quot;estack&quot;:&quot;AssertionError: expected 114.79679999966174 to be below 1\n    at _callee2$ (dist-server/tests/sample-tests.js:155:47)\n    at tryCatch (node_modules/regenerator-runtime/runtime.js:63:40)\n    at Generator.invoke [as _invoke] (node_modules/regenerator-runtime/runtime.js:294:22)\n    at Generator.next (node_modules/regenerator-runtime/runtime.js:119:21)\n    at asyncGeneratorStep (dist-server/tests/sample-tests.js:25:103)\n    at _next (dist-server/tests/sample-tests.js:27:194)\n    at processTicksAndRejections (internal/process/task_queues.js:95:5)&quot;,&quot;diff&quot;:&quot;- 114.79679999966174\n+ 1\n&quot;},&quot;uuid&quot;:&quot;8cdad07b-f37d-48d1-a894-c189d771828f&quot;,&quot;parentUUID&quot;:&quot;13a341ce-4db7-49ff-9b1a-66492d23975f&quot;,&quot;isHook&quot;:false,&quot;skipped&quot;:false}],&quot;suites&quot;:[],&quot;passes&quot;:[],&quot;failures&quot;:[&quot;640b4c6d-403e-40da-bf05-4e922e372630&quot;,&quot;94abc7b8-ec1d-4e7d-8650-fe168dfd0fdb&quot;,&quot;c09ae50d-a8eb-40a1-8a59-66dda041bfc7&quot;,&quot;c97d1206-f4f4-4579-b230-804f487e8bf6&quot;,&quot;96acb76f-1ed6-4c50-b58d-b836057bf9d0&quot;,&quot;1317dee5-ab36-46ba-84c0-f29fb29b1414&quot;,&quot;e6c338b3-e1aa-48cd-89bf-bfea1cdd2bf5&quot;,&quot;67c92838-e813-468e-b2a8-5fec588f2ff3&quot;,&quot;8cdad07b-f37d-48d1-a894-c189d771828f&quot;],&quot;pending&quot;:[],&quot;skipped&quot;:[],&quot;duration&quot;:19,&quot;root&quot;:false,&quot;rootEmpty&quot;:false,&quot;_timeout&quot;:200000}],&quot;passes&quot;:[],&quot;failures&quot;:[],&quot;pending&quot;:[],&quot;skipped&quot;:[],&quot;duration&quot;:0,&quot;root&quot;:false,&quot;rootEmpty&quot;:false,&quot;_timeout&quot;:200000}],&quot;passes&quot;:[],&quot;failures&quot;:[],&quot;pending&quot;:[],&quot;skipped&quot;:[],&quot;duration&quot;:0,&quot;root&quot;:true,&quot;rootEmpty&quot;:true,&quot;_timeout&quot;:200000}],&quot;meta&quot;:{&quot;mocha&quot;:{&quot;version&quot;:&quot;9.2.1&quot;},&quot;mochawesome&quot;:{&quot;options&quot;:{&quot;quiet&quot;:false,&quot;reportFilename&quot;:&quot;mochawesome&quot;,&quot;saveHtml&quot;:true,&quot;saveJson&quot;:true,&quot;consoleReporter&quot;:&quot;spec&quot;,&quot;useInlineDiffs&quot;:false,&quot;code&quot;:true},&quot;version&quot;:&quot;7.0.1&quot;},&quot;marge&quot;:{&quot;options&quot;:{&quot;reportDir&quot;:&quot;/mnt/e/INESC TEC/feedback-manager/public/execution-report/2022/04/04/17/54/40&quot;,&quot;reportTitle&quot;:&quot;Test Execution Report&quot;,&quot;reportPageTitle&quot;:&quot;Test Report&quot;,&quot;charts&quot;:true},&quot;version&quot;:&quot;6.0.1&quot;}}}" data-config="{&quot;reportFilename&quot;:&quot;mochawesome&quot;,&quot;reportDir&quot;:&quot;/mnt/e/INESC TEC/feedback-manager/public/execution-report/2022/04/04/17/54/40&quot;,&quot;reportTitle&quot;:&quot;Test Execution Report&quot;,&quot;reportPageTitle&quot;:&quot;Test Report&quot;,&quot;inline&quot;:false,&quot;inlineAssets&quot;:false,&quot;cdn&quot;:false,&quot;charts&quot;:true,&quot;enableCharts&quot;:true,&quot;code&quot;:true,&quot;enableCode&quot;:true,&quot;autoOpen&quot;:false,&quot;overwrite&quot;:true,&quot;timestamp&quot;:false,&quot;ts&quot;:false,&quot;showPassed&quot;:true,&quot;showFailed&quot;:true,&quot;showPending&quot;:true,&quot;showSkipped&quot;:false,&quot;showHooks&quot;:&quot;failed&quot;,&quot;saveJson&quot;:true,&quot;saveHtml&quot;:true,&quot;dev&quot;:false,&quot;assetsDir&quot;:&quot;/mnt/e/INESC TEC/feedback-manager/public/execution-report/2022/04/04/17/54/40/assets&quot;,&quot;jsonFile&quot;:&quot;/mnt/e/INESC TEC/feedback-manager/public/execution-report/2022/04/04/17/54/40/mochawesome.json&quot;,&quot;htmlFile&quot;:&quot;/mnt/e/INESC TEC/feedback-manager/public/execution-report/2022/04/04/17/54/40/mochawesome.html&quot;}"><div id="report"></div><script src="assets/app.js"></script></body></html>