{
  "stats": {
    "suites": 2,
    "tests": 27,
    "passes": 12,
    "pending": 0,
    "failures": 15,
    "start": "2022-03-15T12:45:28.397Z",
    "end": "2022-03-15T12:45:28.504Z",
    "duration": 107,
    "testsRegistered": 27,
    "passPercent": 44.44444444444444,
    "pendingPercent": 0,
    "other": 0,
    "hasOther": false,
    "skipped": 0,
    "hasSkipped": false
  },
  "results": [
    {
      "uuid": "1395cbee-3cc3-403f-9577-8a99229e1794",
      "title": "",
      "fullFile": "",
      "file": "",
      "beforeHooks": [],
      "afterHooks": [],
      "tests": [],
      "suites": [
        {
          "uuid": "3bc92adb-073f-4972-8380-91b95f790563",
          "title": "Threshold time testing",
          "fullFile": "",
          "file": "",
          "beforeHooks": [],
          "afterHooks": [],
          "tests": [],
          "suites": [
            {
              "uuid": "842144e6-9c8d-4bab-aca3-554db498dafb",
              "title": " First Class of Feedback",
              "fullFile": "",
              "file": "",
              "beforeHooks": [],
              "afterHooks": [],
              "tests": [
                {
                  "title": "Validate if feedback \"alreadyDidItBefore\" finish earlier  than 1 ms",
                  "fullTitle": "Threshold time testing  First Class of Feedback Validate if feedback \"alreadyDidItBefore\" finish earlier  than 1 ms",
                  "timedOut": false,
                  "duration": 4,
                  "state": "failed",
                  "speed": null,
                  "pass": false,
                  "fail": true,
                  "pending": false,
                  "context": null,
                  "code": "var self = this, args = arguments; return new Promise(function (resolve, reject) { var gen = fn.apply(self, args); function _next(value) { asyncGeneratorStep(gen, resolve, reject, _next, _throw, \"next\", value); } function _throw(err) { asyncGeneratorStep(gen, resolve, reject, _next, _throw, \"throw\", err); } _next(undefined); });",
                  "err": {
                    "message": "AssertionError: expected 5.190400000661612 to be below 1",
                    "estack": "AssertionError: expected 5.190400000661612 to be below 1\n    at _callee2$ (dist-server/tests/sample-tests.js:155:47)\n    at tryCatch (node_modules/regenerator-runtime/runtime.js:63:40)\n    at Generator.invoke [as _invoke] (node_modules/regenerator-runtime/runtime.js:294:22)\n    at Generator.next (node_modules/regenerator-runtime/runtime.js:119:21)\n    at asyncGeneratorStep (dist-server/tests/sample-tests.js:25:103)\n    at _next (dist-server/tests/sample-tests.js:27:194)\n    at processTicksAndRejections (internal/process/task_queues.js:95:5)",
                    "diff": "- 5.190400000661612\n+ 1\n"
                  },
                  "uuid": "931eaa15-d5bc-41f5-99dc-2c63c1a34db3",
                  "parentUUID": "842144e6-9c8d-4bab-aca3-554db498dafb",
                  "isHook": false,
                  "skipped": false
                },
                {
                  "title": "Validate if feedback \"frequemcy\" finish earlier  than 1 ms",
                  "fullTitle": "Threshold time testing  First Class of Feedback Validate if feedback \"frequemcy\" finish earlier  than 1 ms",
                  "timedOut": false,
                  "duration": 5,
                  "state": "failed",
                  "speed": null,
                  "pass": false,
                  "fail": true,
                  "pending": false,
                  "context": null,
                  "code": "var self = this, args = arguments; return new Promise(function (resolve, reject) { var gen = fn.apply(self, args); function _next(value) { asyncGeneratorStep(gen, resolve, reject, _next, _throw, \"next\", value); } function _throw(err) { asyncGeneratorStep(gen, resolve, reject, _next, _throw, \"throw\", err); } _next(undefined); });",
                  "err": {
                    "message": "AssertionError: expected 6.5025000013411045 to be below 1",
                    "estack": "AssertionError: expected 6.5025000013411045 to be below 1\n    at _callee2$ (dist-server/tests/sample-tests.js:155:47)\n    at tryCatch (node_modules/regenerator-runtime/runtime.js:63:40)\n    at Generator.invoke [as _invoke] (node_modules/regenerator-runtime/runtime.js:294:22)\n    at Generator.next (node_modules/regenerator-runtime/runtime.js:119:21)\n    at asyncGeneratorStep (dist-server/tests/sample-tests.js:25:103)\n    at _next (dist-server/tests/sample-tests.js:27:194)\n    at processTicksAndRejections (internal/process/task_queues.js:95:5)",
                    "diff": "- 6.5025000013411045\n+ 1\n"
                  },
                  "uuid": "049c1a62-2232-4dbb-ab4a-b4ba3943a129",
                  "parentUUID": "842144e6-9c8d-4bab-aca3-554db498dafb",
                  "isHook": false,
                  "skipped": false
                },
                {
                  "title": "Validate if feedback \"hint\" finish earlier  than 1 ms",
                  "fullTitle": "Threshold time testing  First Class of Feedback Validate if feedback \"hint\" finish earlier  than 1 ms",
                  "timedOut": false,
                  "duration": 3,
                  "state": "failed",
                  "speed": null,
                  "pass": false,
                  "fail": true,
                  "pending": false,
                  "context": null,
                  "code": "var self = this, args = arguments; return new Promise(function (resolve, reject) { var gen = fn.apply(self, args); function _next(value) { asyncGeneratorStep(gen, resolve, reject, _next, _throw, \"next\", value); } function _throw(err) { asyncGeneratorStep(gen, resolve, reject, _next, _throw, \"throw\", err); } _next(undefined); });",
                  "err": {
                    "message": "AssertionError: expected 5.042400000616908 to be below 1",
                    "estack": "AssertionError: expected 5.042400000616908 to be below 1\n    at _callee2$ (dist-server/tests/sample-tests.js:155:47)\n    at tryCatch (node_modules/regenerator-runtime/runtime.js:63:40)\n    at Generator.invoke [as _invoke] (node_modules/regenerator-runtime/runtime.js:294:22)\n    at Generator.next (node_modules/regenerator-runtime/runtime.js:119:21)\n    at asyncGeneratorStep (dist-server/tests/sample-tests.js:25:103)\n    at _next (dist-server/tests/sample-tests.js:27:194)\n    at processTicksAndRejections (internal/process/task_queues.js:95:5)",
                    "diff": "- 5.042400000616908\n+ 1\n"
                  },
                  "uuid": "9207d217-a014-4b7a-b5e8-e03d88c35dfd",
                  "parentUUID": "842144e6-9c8d-4bab-aca3-554db498dafb",
                  "isHook": false,
                  "skipped": false
                },
                {
                  "title": "Validate if feedback \"inputTestCase\" finish earlier  than 1 ms",
                  "fullTitle": "Threshold time testing  First Class of Feedback Validate if feedback \"inputTestCase\" finish earlier  than 1 ms",
                  "timedOut": false,
                  "duration": 2,
                  "state": "failed",
                  "speed": null,
                  "pass": false,
                  "fail": true,
                  "pending": false,
                  "context": null,
                  "code": "var self = this, args = arguments; return new Promise(function (resolve, reject) { var gen = fn.apply(self, args); function _next(value) { asyncGeneratorStep(gen, resolve, reject, _next, _throw, \"next\", value); } function _throw(err) { asyncGeneratorStep(gen, resolve, reject, _next, _throw, \"throw\", err); } _next(undefined); });",
                  "err": {
                    "message": "AssertionError: expected 4.751800000667572 to be below 1",
                    "estack": "AssertionError: expected 4.751800000667572 to be below 1\n    at _callee2$ (dist-server/tests/sample-tests.js:155:47)\n    at tryCatch (node_modules/regenerator-runtime/runtime.js:63:40)\n    at Generator.invoke [as _invoke] (node_modules/regenerator-runtime/runtime.js:294:22)\n    at Generator.next (node_modules/regenerator-runtime/runtime.js:119:21)\n    at asyncGeneratorStep (dist-server/tests/sample-tests.js:25:103)\n    at _next (dist-server/tests/sample-tests.js:27:194)\n    at processTicksAndRejections (internal/process/task_queues.js:95:5)",
                    "diff": "- 4.751800000667572\n+ 1\n"
                  },
                  "uuid": "bc3ef170-1dca-4ee2-9207-0ae37225fa69",
                  "parentUUID": "842144e6-9c8d-4bab-aca3-554db498dafb",
                  "isHook": false,
                  "skipped": false
                },
                {
                  "title": "Validate if feedback \"motivate\" finish earlier  than 100 ms",
                  "fullTitle": "Threshold time testing  First Class of Feedback Validate if feedback \"motivate\" finish earlier  than 100 ms",
                  "timedOut": false,
                  "duration": 3,
                  "state": "passed",
                  "speed": "fast",
                  "pass": true,
                  "fail": false,
                  "pending": false,
                  "context": null,
                  "code": "var self = this, args = arguments; return new Promise(function (resolve, reject) { var gen = fn.apply(self, args); function _next(value) { asyncGeneratorStep(gen, resolve, reject, _next, _throw, \"next\", value); } function _throw(err) { asyncGeneratorStep(gen, resolve, reject, _next, _throw, \"throw\", err); } _next(undefined); });",
                  "err": {},
                  "uuid": "c2850fbd-fce0-490e-9f9a-3f7fe63a4c47",
                  "parentUUID": "842144e6-9c8d-4bab-aca3-554db498dafb",
                  "isHook": false,
                  "skipped": false
                },
                {
                  "title": "Validate if feedback \"motivateHarder\" finish earlier  than 100 ms",
                  "fullTitle": "Threshold time testing  First Class of Feedback Validate if feedback \"motivateHarder\" finish earlier  than 100 ms",
                  "timedOut": false,
                  "duration": 4,
                  "state": "passed",
                  "speed": "fast",
                  "pass": true,
                  "fail": false,
                  "pending": false,
                  "context": null,
                  "code": "var self = this, args = arguments; return new Promise(function (resolve, reject) { var gen = fn.apply(self, args); function _next(value) { asyncGeneratorStep(gen, resolve, reject, _next, _throw, \"next\", value); } function _throw(err) { asyncGeneratorStep(gen, resolve, reject, _next, _throw, \"throw\", err); } _next(undefined); });",
                  "err": {},
                  "uuid": "457c4c73-2852-4056-834c-34956f4f267a",
                  "parentUUID": "842144e6-9c8d-4bab-aca3-554db498dafb",
                  "isHook": false,
                  "skipped": false
                },
                {
                  "title": "Validate if feedback \"outputTestCase\" finish earlier  than 100 ms",
                  "fullTitle": "Threshold time testing  First Class of Feedback Validate if feedback \"outputTestCase\" finish earlier  than 100 ms",
                  "timedOut": false,
                  "duration": 5,
                  "state": "passed",
                  "speed": "fast",
                  "pass": true,
                  "fail": false,
                  "pending": false,
                  "context": null,
                  "code": "var self = this, args = arguments; return new Promise(function (resolve, reject) { var gen = fn.apply(self, args); function _next(value) { asyncGeneratorStep(gen, resolve, reject, _next, _throw, \"next\", value); } function _throw(err) { asyncGeneratorStep(gen, resolve, reject, _next, _throw, \"throw\", err); } _next(undefined); });",
                  "err": {},
                  "uuid": "65c9229a-3042-4add-ae7b-db0cfd425b9c",
                  "parentUUID": "842144e6-9c8d-4bab-aca3-554db498dafb",
                  "isHook": false,
                  "skipped": false
                },
                {
                  "title": "Validate if feedback \"percentage\" finish earlier  than 100 ms",
                  "fullTitle": "Threshold time testing  First Class of Feedback Validate if feedback \"percentage\" finish earlier  than 100 ms",
                  "timedOut": false,
                  "duration": 3,
                  "state": "passed",
                  "speed": "fast",
                  "pass": true,
                  "fail": false,
                  "pending": false,
                  "context": null,
                  "code": "var self = this, args = arguments; return new Promise(function (resolve, reject) { var gen = fn.apply(self, args); function _next(value) { asyncGeneratorStep(gen, resolve, reject, _next, _throw, \"next\", value); } function _throw(err) { asyncGeneratorStep(gen, resolve, reject, _next, _throw, \"throw\", err); } _next(undefined); });",
                  "err": {},
                  "uuid": "81d4a7c3-f54c-4701-82dc-ac98605f2fc7",
                  "parentUUID": "842144e6-9c8d-4bab-aca3-554db498dafb",
                  "isHook": false,
                  "skipped": false
                },
                {
                  "title": "Validate if feedback \"submissionNumbers\" finish earlier  than 1 ms",
                  "fullTitle": "Threshold time testing  First Class of Feedback Validate if feedback \"submissionNumbers\" finish earlier  than 1 ms",
                  "timedOut": false,
                  "duration": 4,
                  "state": "failed",
                  "speed": null,
                  "pass": false,
                  "fail": true,
                  "pending": false,
                  "context": null,
                  "code": "var self = this, args = arguments; return new Promise(function (resolve, reject) { var gen = fn.apply(self, args); function _next(value) { asyncGeneratorStep(gen, resolve, reject, _next, _throw, \"next\", value); } function _throw(err) { asyncGeneratorStep(gen, resolve, reject, _next, _throw, \"throw\", err); } _next(undefined); });",
                  "err": {
                    "message": "AssertionError: expected 5.042799999937415 to be below 1",
                    "estack": "AssertionError: expected 5.042799999937415 to be below 1\n    at _callee2$ (dist-server/tests/sample-tests.js:155:47)\n    at tryCatch (node_modules/regenerator-runtime/runtime.js:63:40)\n    at Generator.invoke [as _invoke] (node_modules/regenerator-runtime/runtime.js:294:22)\n    at Generator.next (node_modules/regenerator-runtime/runtime.js:119:21)\n    at asyncGeneratorStep (dist-server/tests/sample-tests.js:25:103)\n    at _next (dist-server/tests/sample-tests.js:27:194)\n    at processTicksAndRejections (internal/process/task_queues.js:95:5)",
                    "diff": "- 5.042799999937415\n+ 1\n"
                  },
                  "uuid": "c90bf82a-c841-4aaa-84fc-6bfb7a71ea0a",
                  "parentUUID": "842144e6-9c8d-4bab-aca3-554db498dafb",
                  "isHook": false,
                  "skipped": false
                },
                {
                  "title": "Validate if feedback \"alreadyDidItBefore\" finish earlier  than 1 ms",
                  "fullTitle": "Threshold time testing  First Class of Feedback Validate if feedback \"alreadyDidItBefore\" finish earlier  than 1 ms",
                  "timedOut": false,
                  "duration": 4,
                  "state": "failed",
                  "speed": null,
                  "pass": false,
                  "fail": true,
                  "pending": false,
                  "context": null,
                  "code": "var self = this, args = arguments; return new Promise(function (resolve, reject) { var gen = fn.apply(self, args); function _next(value) { asyncGeneratorStep(gen, resolve, reject, _next, _throw, \"next\", value); } function _throw(err) { asyncGeneratorStep(gen, resolve, reject, _next, _throw, \"throw\", err); } _next(undefined); });",
                  "err": {
                    "message": "AssertionError: expected 5.241200001910329 to be below 1",
                    "estack": "AssertionError: expected 5.241200001910329 to be below 1\n    at _callee2$ (dist-server/tests/sample-tests.js:155:47)\n    at tryCatch (node_modules/regenerator-runtime/runtime.js:63:40)\n    at Generator.invoke [as _invoke] (node_modules/regenerator-runtime/runtime.js:294:22)\n    at Generator.next (node_modules/regenerator-runtime/runtime.js:119:21)\n    at asyncGeneratorStep (dist-server/tests/sample-tests.js:25:103)\n    at _next (dist-server/tests/sample-tests.js:27:194)\n    at processTicksAndRejections (internal/process/task_queues.js:95:5)",
                    "diff": "- 5.241200001910329\n+ 1\n"
                  },
                  "uuid": "6b8bfe2b-20b5-462d-9cf6-e217f258fc7e",
                  "parentUUID": "842144e6-9c8d-4bab-aca3-554db498dafb",
                  "isHook": false,
                  "skipped": false
                },
                {
                  "title": "Validate if feedback \"frequemcy\" finish earlier  than 1 ms",
                  "fullTitle": "Threshold time testing  First Class of Feedback Validate if feedback \"frequemcy\" finish earlier  than 1 ms",
                  "timedOut": false,
                  "duration": 5,
                  "state": "failed",
                  "speed": null,
                  "pass": false,
                  "fail": true,
                  "pending": false,
                  "context": null,
                  "code": "var self = this, args = arguments; return new Promise(function (resolve, reject) { var gen = fn.apply(self, args); function _next(value) { asyncGeneratorStep(gen, resolve, reject, _next, _throw, \"next\", value); } function _throw(err) { asyncGeneratorStep(gen, resolve, reject, _next, _throw, \"throw\", err); } _next(undefined); });",
                  "err": {
                    "message": "AssertionError: expected 6.3815000001341105 to be below 1",
                    "estack": "AssertionError: expected 6.3815000001341105 to be below 1\n    at _callee2$ (dist-server/tests/sample-tests.js:155:47)\n    at tryCatch (node_modules/regenerator-runtime/runtime.js:63:40)\n    at Generator.invoke [as _invoke] (node_modules/regenerator-runtime/runtime.js:294:22)\n    at Generator.next (node_modules/regenerator-runtime/runtime.js:119:21)\n    at asyncGeneratorStep (dist-server/tests/sample-tests.js:25:103)\n    at _next (dist-server/tests/sample-tests.js:27:194)\n    at processTicksAndRejections (internal/process/task_queues.js:95:5)",
                    "diff": "- 6.3815000001341105\n+ 1\n"
                  },
                  "uuid": "89e03898-1ea4-4346-958b-111a43524279",
                  "parentUUID": "842144e6-9c8d-4bab-aca3-554db498dafb",
                  "isHook": false,
                  "skipped": false
                },
                {
                  "title": "Validate if feedback \"hint\" finish earlier  than 1 ms",
                  "fullTitle": "Threshold time testing  First Class of Feedback Validate if feedback \"hint\" finish earlier  than 1 ms",
                  "timedOut": false,
                  "duration": 4,
                  "state": "failed",
                  "speed": null,
                  "pass": false,
                  "fail": true,
                  "pending": false,
                  "context": null,
                  "code": "var self = this, args = arguments; return new Promise(function (resolve, reject) { var gen = fn.apply(self, args); function _next(value) { asyncGeneratorStep(gen, resolve, reject, _next, _throw, \"next\", value); } function _throw(err) { asyncGeneratorStep(gen, resolve, reject, _next, _throw, \"throw\", err); } _next(undefined); });",
                  "err": {
                    "message": "AssertionError: expected 5.373500000685453 to be below 1",
                    "estack": "AssertionError: expected 5.373500000685453 to be below 1\n    at _callee2$ (dist-server/tests/sample-tests.js:155:47)\n    at tryCatch (node_modules/regenerator-runtime/runtime.js:63:40)\n    at Generator.invoke [as _invoke] (node_modules/regenerator-runtime/runtime.js:294:22)\n    at Generator.next (node_modules/regenerator-runtime/runtime.js:119:21)\n    at asyncGeneratorStep (dist-server/tests/sample-tests.js:25:103)\n    at _next (dist-server/tests/sample-tests.js:27:194)\n    at processTicksAndRejections (internal/process/task_queues.js:95:5)",
                    "diff": "- 5.373500000685453\n+ 1\n"
                  },
                  "uuid": "4d42c9eb-051c-4ecd-82f2-af5266510dcb",
                  "parentUUID": "842144e6-9c8d-4bab-aca3-554db498dafb",
                  "isHook": false,
                  "skipped": false
                },
                {
                  "title": "Validate if feedback \"inputTestCase\" finish earlier  than 1 ms",
                  "fullTitle": "Threshold time testing  First Class of Feedback Validate if feedback \"inputTestCase\" finish earlier  than 1 ms",
                  "timedOut": false,
                  "duration": 3,
                  "state": "failed",
                  "speed": null,
                  "pass": false,
                  "fail": true,
                  "pending": false,
                  "context": null,
                  "code": "var self = this, args = arguments; return new Promise(function (resolve, reject) { var gen = fn.apply(self, args); function _next(value) { asyncGeneratorStep(gen, resolve, reject, _next, _throw, \"next\", value); } function _throw(err) { asyncGeneratorStep(gen, resolve, reject, _next, _throw, \"throw\", err); } _next(undefined); });",
                  "err": {
                    "message": "AssertionError: expected 4.853700000792742 to be below 1",
                    "estack": "AssertionError: expected 4.853700000792742 to be below 1\n    at _callee2$ (dist-server/tests/sample-tests.js:155:47)\n    at tryCatch (node_modules/regenerator-runtime/runtime.js:63:40)\n    at Generator.invoke [as _invoke] (node_modules/regenerator-runtime/runtime.js:294:22)\n    at Generator.next (node_modules/regenerator-runtime/runtime.js:119:21)\n    at asyncGeneratorStep (dist-server/tests/sample-tests.js:25:103)\n    at _next (dist-server/tests/sample-tests.js:27:194)\n    at processTicksAndRejections (internal/process/task_queues.js:95:5)",
                    "diff": "- 4.853700000792742\n+ 1\n"
                  },
                  "uuid": "723ab790-b5ea-43e2-8bcc-6b0d5d32176b",
                  "parentUUID": "842144e6-9c8d-4bab-aca3-554db498dafb",
                  "isHook": false,
                  "skipped": false
                },
                {
                  "title": "Validate if feedback \"motivate\" finish earlier  than 100 ms",
                  "fullTitle": "Threshold time testing  First Class of Feedback Validate if feedback \"motivate\" finish earlier  than 100 ms",
                  "timedOut": false,
                  "duration": 4,
                  "state": "passed",
                  "speed": "fast",
                  "pass": true,
                  "fail": false,
                  "pending": false,
                  "context": null,
                  "code": "var self = this, args = arguments; return new Promise(function (resolve, reject) { var gen = fn.apply(self, args); function _next(value) { asyncGeneratorStep(gen, resolve, reject, _next, _throw, \"next\", value); } function _throw(err) { asyncGeneratorStep(gen, resolve, reject, _next, _throw, \"throw\", err); } _next(undefined); });",
                  "err": {},
                  "uuid": "eb54623a-5e7a-42fd-8d82-3061afcea0a0",
                  "parentUUID": "842144e6-9c8d-4bab-aca3-554db498dafb",
                  "isHook": false,
                  "skipped": false
                },
                {
                  "title": "Validate if feedback \"motivateHarder\" finish earlier  than 100 ms",
                  "fullTitle": "Threshold time testing  First Class of Feedback Validate if feedback \"motivateHarder\" finish earlier  than 100 ms",
                  "timedOut": false,
                  "duration": 4,
                  "state": "passed",
                  "speed": "fast",
                  "pass": true,
                  "fail": false,
                  "pending": false,
                  "context": null,
                  "code": "var self = this, args = arguments; return new Promise(function (resolve, reject) { var gen = fn.apply(self, args); function _next(value) { asyncGeneratorStep(gen, resolve, reject, _next, _throw, \"next\", value); } function _throw(err) { asyncGeneratorStep(gen, resolve, reject, _next, _throw, \"throw\", err); } _next(undefined); });",
                  "err": {},
                  "uuid": "afe3f359-a835-4b07-85dc-24435da8fa3d",
                  "parentUUID": "842144e6-9c8d-4bab-aca3-554db498dafb",
                  "isHook": false,
                  "skipped": false
                },
                {
                  "title": "Validate if feedback \"outputTestCase\" finish earlier  than 100 ms",
                  "fullTitle": "Threshold time testing  First Class of Feedback Validate if feedback \"outputTestCase\" finish earlier  than 100 ms",
                  "timedOut": false,
                  "duration": 3,
                  "state": "passed",
                  "speed": "fast",
                  "pass": true,
                  "fail": false,
                  "pending": false,
                  "context": null,
                  "code": "var self = this, args = arguments; return new Promise(function (resolve, reject) { var gen = fn.apply(self, args); function _next(value) { asyncGeneratorStep(gen, resolve, reject, _next, _throw, \"next\", value); } function _throw(err) { asyncGeneratorStep(gen, resolve, reject, _next, _throw, \"throw\", err); } _next(undefined); });",
                  "err": {},
                  "uuid": "dc2dda93-b6e5-4e21-9479-0cb2e576d9bb",
                  "parentUUID": "842144e6-9c8d-4bab-aca3-554db498dafb",
                  "isHook": false,
                  "skipped": false
                },
                {
                  "title": "Validate if feedback \"percentage\" finish earlier  than 100 ms",
                  "fullTitle": "Threshold time testing  First Class of Feedback Validate if feedback \"percentage\" finish earlier  than 100 ms",
                  "timedOut": false,
                  "duration": 3,
                  "state": "passed",
                  "speed": "fast",
                  "pass": true,
                  "fail": false,
                  "pending": false,
                  "context": null,
                  "code": "var self = this, args = arguments; return new Promise(function (resolve, reject) { var gen = fn.apply(self, args); function _next(value) { asyncGeneratorStep(gen, resolve, reject, _next, _throw, \"next\", value); } function _throw(err) { asyncGeneratorStep(gen, resolve, reject, _next, _throw, \"throw\", err); } _next(undefined); });",
                  "err": {},
                  "uuid": "07d1d4eb-058c-4cea-9494-cde1d6e1af8e",
                  "parentUUID": "842144e6-9c8d-4bab-aca3-554db498dafb",
                  "isHook": false,
                  "skipped": false
                },
                {
                  "title": "Validate if feedback \"submissionNumbers\" finish earlier  than 1 ms",
                  "fullTitle": "Threshold time testing  First Class of Feedback Validate if feedback \"submissionNumbers\" finish earlier  than 1 ms",
                  "timedOut": false,
                  "duration": 3,
                  "state": "failed",
                  "speed": null,
                  "pass": false,
                  "fail": true,
                  "pending": false,
                  "context": null,
                  "code": "var self = this, args = arguments; return new Promise(function (resolve, reject) { var gen = fn.apply(self, args); function _next(value) { asyncGeneratorStep(gen, resolve, reject, _next, _throw, \"next\", value); } function _throw(err) { asyncGeneratorStep(gen, resolve, reject, _next, _throw, \"throw\", err); } _next(undefined); });",
                  "err": {
                    "message": "AssertionError: expected 5.0329000018537045 to be below 1",
                    "estack": "AssertionError: expected 5.0329000018537045 to be below 1\n    at _callee2$ (dist-server/tests/sample-tests.js:155:47)\n    at tryCatch (node_modules/regenerator-runtime/runtime.js:63:40)\n    at Generator.invoke [as _invoke] (node_modules/regenerator-runtime/runtime.js:294:22)\n    at Generator.next (node_modules/regenerator-runtime/runtime.js:119:21)\n    at asyncGeneratorStep (dist-server/tests/sample-tests.js:25:103)\n    at _next (dist-server/tests/sample-tests.js:27:194)\n    at processTicksAndRejections (internal/process/task_queues.js:95:5)",
                    "diff": "- 5.0329000018537045\n+ 1\n"
                  },
                  "uuid": "4d0bfa14-78fe-4036-8350-2f173e9fd8fc",
                  "parentUUID": "842144e6-9c8d-4bab-aca3-554db498dafb",
                  "isHook": false,
                  "skipped": false
                },
                {
                  "title": "Validate if feedback \"alreadyDidItBefore\" finish earlier  than 1 ms",
                  "fullTitle": "Threshold time testing  First Class of Feedback Validate if feedback \"alreadyDidItBefore\" finish earlier  than 1 ms",
                  "timedOut": false,
                  "duration": 3,
                  "state": "failed",
                  "speed": null,
                  "pass": false,
                  "fail": true,
                  "pending": false,
                  "context": null,
                  "code": "var self = this, args = arguments; return new Promise(function (resolve, reject) { var gen = fn.apply(self, args); function _next(value) { asyncGeneratorStep(gen, resolve, reject, _next, _throw, \"next\", value); } function _throw(err) { asyncGeneratorStep(gen, resolve, reject, _next, _throw, \"throw\", err); } _next(undefined); });",
                  "err": {
                    "message": "AssertionError: expected 5.069200001657009 to be below 1",
                    "estack": "AssertionError: expected 5.069200001657009 to be below 1\n    at _callee2$ (dist-server/tests/sample-tests.js:155:47)\n    at tryCatch (node_modules/regenerator-runtime/runtime.js:63:40)\n    at Generator.invoke [as _invoke] (node_modules/regenerator-runtime/runtime.js:294:22)\n    at Generator.next (node_modules/regenerator-runtime/runtime.js:119:21)\n    at asyncGeneratorStep (dist-server/tests/sample-tests.js:25:103)\n    at _next (dist-server/tests/sample-tests.js:27:194)\n    at processTicksAndRejections (internal/process/task_queues.js:95:5)",
                    "diff": "- 5.069200001657009\n+ 1\n"
                  },
                  "uuid": "3e0a7fa3-844e-4a86-8ef9-43507eb690e7",
                  "parentUUID": "842144e6-9c8d-4bab-aca3-554db498dafb",
                  "isHook": false,
                  "skipped": false
                },
                {
                  "title": "Validate if feedback \"frequemcy\" finish earlier  than 1 ms",
                  "fullTitle": "Threshold time testing  First Class of Feedback Validate if feedback \"frequemcy\" finish earlier  than 1 ms",
                  "timedOut": false,
                  "duration": 4,
                  "state": "failed",
                  "speed": null,
                  "pass": false,
                  "fail": true,
                  "pending": false,
                  "context": null,
                  "code": "var self = this, args = arguments; return new Promise(function (resolve, reject) { var gen = fn.apply(self, args); function _next(value) { asyncGeneratorStep(gen, resolve, reject, _next, _throw, \"next\", value); } function _throw(err) { asyncGeneratorStep(gen, resolve, reject, _next, _throw, \"throw\", err); } _next(undefined); });",
                  "err": {
                    "message": "AssertionError: expected 5.494699999690056 to be below 1",
                    "estack": "AssertionError: expected 5.494699999690056 to be below 1\n    at _callee2$ (dist-server/tests/sample-tests.js:155:47)\n    at tryCatch (node_modules/regenerator-runtime/runtime.js:63:40)\n    at Generator.invoke [as _invoke] (node_modules/regenerator-runtime/runtime.js:294:22)\n    at Generator.next (node_modules/regenerator-runtime/runtime.js:119:21)\n    at asyncGeneratorStep (dist-server/tests/sample-tests.js:25:103)\n    at _next (dist-server/tests/sample-tests.js:27:194)\n    at processTicksAndRejections (internal/process/task_queues.js:95:5)",
                    "diff": "- 5.494699999690056\n+ 1\n"
                  },
                  "uuid": "e70e754b-98fc-4b1e-8d9e-0794bf14fdb4",
                  "parentUUID": "842144e6-9c8d-4bab-aca3-554db498dafb",
                  "isHook": false,
                  "skipped": false
                },
                {
                  "title": "Validate if feedback \"hint\" finish earlier  than 1 ms",
                  "fullTitle": "Threshold time testing  First Class of Feedback Validate if feedback \"hint\" finish earlier  than 1 ms",
                  "timedOut": false,
                  "duration": 4,
                  "state": "failed",
                  "speed": null,
                  "pass": false,
                  "fail": true,
                  "pending": false,
                  "context": null,
                  "code": "var self = this, args = arguments; return new Promise(function (resolve, reject) { var gen = fn.apply(self, args); function _next(value) { asyncGeneratorStep(gen, resolve, reject, _next, _throw, \"next\", value); } function _throw(err) { asyncGeneratorStep(gen, resolve, reject, _next, _throw, \"throw\", err); } _next(undefined); });",
                  "err": {
                    "message": "AssertionError: expected 5.684399999678135 to be below 1",
                    "estack": "AssertionError: expected 5.684399999678135 to be below 1\n    at _callee2$ (dist-server/tests/sample-tests.js:155:47)\n    at tryCatch (node_modules/regenerator-runtime/runtime.js:63:40)\n    at Generator.invoke [as _invoke] (node_modules/regenerator-runtime/runtime.js:294:22)\n    at Generator.next (node_modules/regenerator-runtime/runtime.js:119:21)\n    at asyncGeneratorStep (dist-server/tests/sample-tests.js:25:103)\n    at _next (dist-server/tests/sample-tests.js:27:194)\n    at processTicksAndRejections (internal/process/task_queues.js:95:5)",
                    "diff": "- 5.684399999678135\n+ 1\n"
                  },
                  "uuid": "5d9e7121-08f0-472a-98f5-d752c7f10a03",
                  "parentUUID": "842144e6-9c8d-4bab-aca3-554db498dafb",
                  "isHook": false,
                  "skipped": false
                },
                {
                  "title": "Validate if feedback \"inputTestCase\" finish earlier  than 1 ms",
                  "fullTitle": "Threshold time testing  First Class of Feedback Validate if feedback \"inputTestCase\" finish earlier  than 1 ms",
                  "timedOut": false,
                  "duration": 3,
                  "state": "failed",
                  "speed": null,
                  "pass": false,
                  "fail": true,
                  "pending": false,
                  "context": null,
                  "code": "var self = this, args = arguments; return new Promise(function (resolve, reject) { var gen = fn.apply(self, args); function _next(value) { asyncGeneratorStep(gen, resolve, reject, _next, _throw, \"next\", value); } function _throw(err) { asyncGeneratorStep(gen, resolve, reject, _next, _throw, \"throw\", err); } _next(undefined); });",
                  "err": {
                    "message": "AssertionError: expected 4.8632000014185905 to be below 1",
                    "estack": "AssertionError: expected 4.8632000014185905 to be below 1\n    at _callee2$ (dist-server/tests/sample-tests.js:155:47)\n    at tryCatch (node_modules/regenerator-runtime/runtime.js:63:40)\n    at Generator.invoke [as _invoke] (node_modules/regenerator-runtime/runtime.js:294:22)\n    at Generator.next (node_modules/regenerator-runtime/runtime.js:119:21)\n    at asyncGeneratorStep (dist-server/tests/sample-tests.js:25:103)\n    at _next (dist-server/tests/sample-tests.js:27:194)\n    at processTicksAndRejections (internal/process/task_queues.js:95:5)",
                    "diff": "- 4.8632000014185905\n+ 1\n"
                  },
                  "uuid": "466b793e-3fb3-4508-95b7-d72b8dca2a55",
                  "parentUUID": "842144e6-9c8d-4bab-aca3-554db498dafb",
                  "isHook": false,
                  "skipped": false
                },
                {
                  "title": "Validate if feedback \"motivate\" finish earlier  than 100 ms",
                  "fullTitle": "Threshold time testing  First Class of Feedback Validate if feedback \"motivate\" finish earlier  than 100 ms",
                  "timedOut": false,
                  "duration": 3,
                  "state": "passed",
                  "speed": "fast",
                  "pass": true,
                  "fail": false,
                  "pending": false,
                  "context": null,
                  "code": "var self = this, args = arguments; return new Promise(function (resolve, reject) { var gen = fn.apply(self, args); function _next(value) { asyncGeneratorStep(gen, resolve, reject, _next, _throw, \"next\", value); } function _throw(err) { asyncGeneratorStep(gen, resolve, reject, _next, _throw, \"throw\", err); } _next(undefined); });",
                  "err": {},
                  "uuid": "7b6eb2d1-131d-4e9d-85ca-5621d3790b54",
                  "parentUUID": "842144e6-9c8d-4bab-aca3-554db498dafb",
                  "isHook": false,
                  "skipped": false
                },
                {
                  "title": "Validate if feedback \"motivateHarder\" finish earlier  than 100 ms",
                  "fullTitle": "Threshold time testing  First Class of Feedback Validate if feedback \"motivateHarder\" finish earlier  than 100 ms",
                  "timedOut": false,
                  "duration": 3,
                  "state": "passed",
                  "speed": "fast",
                  "pass": true,
                  "fail": false,
                  "pending": false,
                  "context": null,
                  "code": "var self = this, args = arguments; return new Promise(function (resolve, reject) { var gen = fn.apply(self, args); function _next(value) { asyncGeneratorStep(gen, resolve, reject, _next, _throw, \"next\", value); } function _throw(err) { asyncGeneratorStep(gen, resolve, reject, _next, _throw, \"throw\", err); } _next(undefined); });",
                  "err": {},
                  "uuid": "a17b057b-bb8a-451e-ba19-3144167e9ef7",
                  "parentUUID": "842144e6-9c8d-4bab-aca3-554db498dafb",
                  "isHook": false,
                  "skipped": false
                },
                {
                  "title": "Validate if feedback \"outputTestCase\" finish earlier  than 100 ms",
                  "fullTitle": "Threshold time testing  First Class of Feedback Validate if feedback \"outputTestCase\" finish earlier  than 100 ms",
                  "timedOut": false,
                  "duration": 3,
                  "state": "passed",
                  "speed": "fast",
                  "pass": true,
                  "fail": false,
                  "pending": false,
                  "context": null,
                  "code": "var self = this, args = arguments; return new Promise(function (resolve, reject) { var gen = fn.apply(self, args); function _next(value) { asyncGeneratorStep(gen, resolve, reject, _next, _throw, \"next\", value); } function _throw(err) { asyncGeneratorStep(gen, resolve, reject, _next, _throw, \"throw\", err); } _next(undefined); });",
                  "err": {},
                  "uuid": "d9d07ef9-3998-410d-b46d-862e01b81f44",
                  "parentUUID": "842144e6-9c8d-4bab-aca3-554db498dafb",
                  "isHook": false,
                  "skipped": false
                },
                {
                  "title": "Validate if feedback \"percentage\" finish earlier  than 100 ms",
                  "fullTitle": "Threshold time testing  First Class of Feedback Validate if feedback \"percentage\" finish earlier  than 100 ms",
                  "timedOut": false,
                  "duration": 4,
                  "state": "passed",
                  "speed": "fast",
                  "pass": true,
                  "fail": false,
                  "pending": false,
                  "context": null,
                  "code": "var self = this, args = arguments; return new Promise(function (resolve, reject) { var gen = fn.apply(self, args); function _next(value) { asyncGeneratorStep(gen, resolve, reject, _next, _throw, \"next\", value); } function _throw(err) { asyncGeneratorStep(gen, resolve, reject, _next, _throw, \"throw\", err); } _next(undefined); });",
                  "err": {},
                  "uuid": "a3144d43-c4ab-4f3b-82fe-14d92f502bb0",
                  "parentUUID": "842144e6-9c8d-4bab-aca3-554db498dafb",
                  "isHook": false,
                  "skipped": false
                },
                {
                  "title": "Validate if feedback \"submissionNumbers\" finish earlier  than 1 ms",
                  "fullTitle": "Threshold time testing  First Class of Feedback Validate if feedback \"submissionNumbers\" finish earlier  than 1 ms",
                  "timedOut": false,
                  "duration": 3,
                  "state": "failed",
                  "speed": null,
                  "pass": false,
                  "fail": true,
                  "pending": false,
                  "context": null,
                  "code": "var self = this, args = arguments; return new Promise(function (resolve, reject) { var gen = fn.apply(self, args); function _next(value) { asyncGeneratorStep(gen, resolve, reject, _next, _throw, \"next\", value); } function _throw(err) { asyncGeneratorStep(gen, resolve, reject, _next, _throw, \"throw\", err); } _next(undefined); });",
                  "err": {
                    "message": "AssertionError: expected 4.8592000007629395 to be below 1",
                    "estack": "AssertionError: expected 4.8592000007629395 to be below 1\n    at _callee2$ (dist-server/tests/sample-tests.js:155:47)\n    at tryCatch (node_modules/regenerator-runtime/runtime.js:63:40)\n    at Generator.invoke [as _invoke] (node_modules/regenerator-runtime/runtime.js:294:22)\n    at Generator.next (node_modules/regenerator-runtime/runtime.js:119:21)\n    at asyncGeneratorStep (dist-server/tests/sample-tests.js:25:103)\n    at _next (dist-server/tests/sample-tests.js:27:194)\n    at processTicksAndRejections (internal/process/task_queues.js:95:5)",
                    "diff": "- 4.8592000007629395\n+ 1\n"
                  },
                  "uuid": "63b58ea1-ffb5-443b-8edc-8dcc4e003ea3",
                  "parentUUID": "842144e6-9c8d-4bab-aca3-554db498dafb",
                  "isHook": false,
                  "skipped": false
                }
              ],
              "suites": [],
              "passes": [
                "c2850fbd-fce0-490e-9f9a-3f7fe63a4c47",
                "457c4c73-2852-4056-834c-34956f4f267a",
                "65c9229a-3042-4add-ae7b-db0cfd425b9c",
                "81d4a7c3-f54c-4701-82dc-ac98605f2fc7",
                "eb54623a-5e7a-42fd-8d82-3061afcea0a0",
                "afe3f359-a835-4b07-85dc-24435da8fa3d",
                "dc2dda93-b6e5-4e21-9479-0cb2e576d9bb",
                "07d1d4eb-058c-4cea-9494-cde1d6e1af8e",
                "7b6eb2d1-131d-4e9d-85ca-5621d3790b54",
                "a17b057b-bb8a-451e-ba19-3144167e9ef7",
                "d9d07ef9-3998-410d-b46d-862e01b81f44",
                "a3144d43-c4ab-4f3b-82fe-14d92f502bb0"
              ],
              "failures": [
                "931eaa15-d5bc-41f5-99dc-2c63c1a34db3",
                "049c1a62-2232-4dbb-ab4a-b4ba3943a129",
                "9207d217-a014-4b7a-b5e8-e03d88c35dfd",
                "bc3ef170-1dca-4ee2-9207-0ae37225fa69",
                "c90bf82a-c841-4aaa-84fc-6bfb7a71ea0a",
                "6b8bfe2b-20b5-462d-9cf6-e217f258fc7e",
                "89e03898-1ea4-4346-958b-111a43524279",
                "4d42c9eb-051c-4ecd-82f2-af5266510dcb",
                "723ab790-b5ea-43e2-8bcc-6b0d5d32176b",
                "4d0bfa14-78fe-4036-8350-2f173e9fd8fc",
                "3e0a7fa3-844e-4a86-8ef9-43507eb690e7",
                "e70e754b-98fc-4b1e-8d9e-0794bf14fdb4",
                "5d9e7121-08f0-472a-98f5-d752c7f10a03",
                "466b793e-3fb3-4508-95b7-d72b8dca2a55",
                "63b58ea1-ffb5-443b-8edc-8dcc4e003ea3"
              ],
              "pending": [],
              "skipped": [],
              "duration": 96,
              "root": false,
              "rootEmpty": false,
              "_timeout": 200000
            }
          ],
          "passes": [],
          "failures": [],
          "pending": [],
          "skipped": [],
          "duration": 0,
          "root": false,
          "rootEmpty": false,
          "_timeout": 200000
        }
      ],
      "passes": [],
      "failures": [],
      "pending": [],
      "skipped": [],
      "duration": 0,
      "root": true,
      "rootEmpty": true,
      "_timeout": 200000
    }
  ],
  "meta": {
    "mocha": {
      "version": "9.2.1"
    },
    "mochawesome": {
      "options": {
        "quiet": false,
        "reportFilename": "mochawesome",
        "saveHtml": true,
        "saveJson": true,
        "consoleReporter": "spec",
        "useInlineDiffs": false,
        "code": true
      },
      "version": "7.0.1"
    },
    "marge": {
      "options": {
        "reportDir": "/mnt/e/INESC TEC/feedback-manager/public/execution-report/2022/03/15/12/45/27",
        "reportTitle": "Test Execution Report",
        "reportPageTitle": "Test Report",
        "charts": true
      },
      "version": "6.0.1"
    }
  }
}