{
  "stats": {
    "suites": 2,
    "tests": 18,
    "passes": 8,
    "pending": 0,
    "failures": 10,
    "start": "2022-03-15T12:53:22.206Z",
    "end": "2022-03-15T12:53:22.268Z",
    "duration": 62,
    "testsRegistered": 18,
    "passPercent": 44.44444444444444,
    "pendingPercent": 0,
    "other": 0,
    "hasOther": false,
    "skipped": 0,
    "hasSkipped": false
  },
  "results": [
    {
      "uuid": "0fce658d-53f2-4661-9e34-1c87c449c80b",
      "title": "",
      "fullFile": "",
      "file": "",
      "beforeHooks": [],
      "afterHooks": [],
      "tests": [],
      "suites": [
        {
          "uuid": "5c3d5148-4691-4723-bc03-3a1ccac922ba",
          "title": "Threshold time testing",
          "fullFile": "",
          "file": "",
          "beforeHooks": [],
          "afterHooks": [],
          "tests": [],
          "suites": [
            {
              "uuid": "1aa57443-ae70-4995-9fca-f1bcabf6be14",
              "title": " First Class of Feedback",
              "fullFile": "",
              "file": "",
              "beforeHooks": [],
              "afterHooks": [],
              "tests": [
                {
                  "title": "Validate if feedback \"alreadyDidItBefore\" finish earlier  than 1 ms",
                  "fullTitle": "Threshold time testing  First Class of Feedback Validate if feedback \"alreadyDidItBefore\" finish earlier  than 1 ms",
                  "timedOut": false,
                  "duration": 3,
                  "state": "failed",
                  "speed": null,
                  "pass": false,
                  "fail": true,
                  "pending": false,
                  "context": null,
                  "code": "var self = this, args = arguments; return new Promise(function (resolve, reject) { var gen = fn.apply(self, args); function _next(value) { asyncGeneratorStep(gen, resolve, reject, _next, _throw, \"next\", value); } function _throw(err) { asyncGeneratorStep(gen, resolve, reject, _next, _throw, \"throw\", err); } _next(undefined); });",
                  "err": {
                    "message": "AssertionError: expected 5.110299998894334 to be below 1",
                    "estack": "AssertionError: expected 5.110299998894334 to be below 1\n    at _callee2$ (dist-server/tests/sample-tests.js:155:47)\n    at tryCatch (node_modules/regenerator-runtime/runtime.js:63:40)\n    at Generator.invoke [as _invoke] (node_modules/regenerator-runtime/runtime.js:294:22)\n    at Generator.next (node_modules/regenerator-runtime/runtime.js:119:21)\n    at asyncGeneratorStep (dist-server/tests/sample-tests.js:25:103)\n    at _next (dist-server/tests/sample-tests.js:27:194)\n    at processTicksAndRejections (internal/process/task_queues.js:95:5)",
                    "diff": "- 5.110299998894334\n+ 1\n"
                  },
                  "uuid": "0aed7177-d7ee-482d-b1a1-73ad71f52bf9",
                  "parentUUID": "1aa57443-ae70-4995-9fca-f1bcabf6be14",
                  "isHook": false,
                  "skipped": false
                },
                {
                  "title": "Validate if feedback \"frequemcy\" finish earlier  than 1 ms",
                  "fullTitle": "Threshold time testing  First Class of Feedback Validate if feedback \"frequemcy\" finish earlier  than 1 ms",
                  "timedOut": false,
                  "duration": 3,
                  "state": "failed",
                  "speed": null,
                  "pass": false,
                  "fail": true,
                  "pending": false,
                  "context": null,
                  "code": "var self = this, args = arguments; return new Promise(function (resolve, reject) { var gen = fn.apply(self, args); function _next(value) { asyncGeneratorStep(gen, resolve, reject, _next, _throw, \"next\", value); } function _throw(err) { asyncGeneratorStep(gen, resolve, reject, _next, _throw, \"throw\", err); } _next(undefined); });",
                  "err": {
                    "message": "AssertionError: expected 4.621799997985363 to be below 1",
                    "estack": "AssertionError: expected 4.621799997985363 to be below 1\n    at _callee2$ (dist-server/tests/sample-tests.js:155:47)\n    at tryCatch (node_modules/regenerator-runtime/runtime.js:63:40)\n    at Generator.invoke [as _invoke] (node_modules/regenerator-runtime/runtime.js:294:22)\n    at Generator.next (node_modules/regenerator-runtime/runtime.js:119:21)\n    at asyncGeneratorStep (dist-server/tests/sample-tests.js:25:103)\n    at _next (dist-server/tests/sample-tests.js:27:194)\n    at processTicksAndRejections (internal/process/task_queues.js:95:5)",
                    "diff": "- 4.621799997985363\n+ 1\n"
                  },
                  "uuid": "ec5d867e-02a6-47dc-bd60-194683bc3484",
                  "parentUUID": "1aa57443-ae70-4995-9fca-f1bcabf6be14",
                  "isHook": false,
                  "skipped": false
                },
                {
                  "title": "Validate if feedback \"hint\" finish earlier  than 1 ms",
                  "fullTitle": "Threshold time testing  First Class of Feedback Validate if feedback \"hint\" finish earlier  than 1 ms",
                  "timedOut": false,
                  "duration": 3,
                  "state": "failed",
                  "speed": null,
                  "pass": false,
                  "fail": true,
                  "pending": false,
                  "context": null,
                  "code": "var self = this, args = arguments; return new Promise(function (resolve, reject) { var gen = fn.apply(self, args); function _next(value) { asyncGeneratorStep(gen, resolve, reject, _next, _throw, \"next\", value); } function _throw(err) { asyncGeneratorStep(gen, resolve, reject, _next, _throw, \"throw\", err); } _next(undefined); });",
                  "err": {
                    "message": "AssertionError: expected 5.2720999997109175 to be below 1",
                    "estack": "AssertionError: expected 5.2720999997109175 to be below 1\n    at _callee2$ (dist-server/tests/sample-tests.js:155:47)\n    at tryCatch (node_modules/regenerator-runtime/runtime.js:63:40)\n    at Generator.invoke [as _invoke] (node_modules/regenerator-runtime/runtime.js:294:22)\n    at Generator.next (node_modules/regenerator-runtime/runtime.js:119:21)\n    at asyncGeneratorStep (dist-server/tests/sample-tests.js:25:103)\n    at _next (dist-server/tests/sample-tests.js:27:194)\n    at processTicksAndRejections (internal/process/task_queues.js:95:5)",
                    "diff": "- 5.2720999997109175\n+ 1\n"
                  },
                  "uuid": "ab189621-d7f6-4a46-8e5b-dae6118714fb",
                  "parentUUID": "1aa57443-ae70-4995-9fca-f1bcabf6be14",
                  "isHook": false,
                  "skipped": false
                },
                {
                  "title": "Validate if feedback \"inputTestCase\" finish earlier  than 1 ms",
                  "fullTitle": "Threshold time testing  First Class of Feedback Validate if feedback \"inputTestCase\" finish earlier  than 1 ms",
                  "timedOut": false,
                  "duration": 2,
                  "state": "failed",
                  "speed": null,
                  "pass": false,
                  "fail": true,
                  "pending": false,
                  "context": null,
                  "code": "var self = this, args = arguments; return new Promise(function (resolve, reject) { var gen = fn.apply(self, args); function _next(value) { asyncGeneratorStep(gen, resolve, reject, _next, _throw, \"next\", value); } function _throw(err) { asyncGeneratorStep(gen, resolve, reject, _next, _throw, \"throw\", err); } _next(undefined); });",
                  "err": {
                    "message": "AssertionError: expected 5.135299999266863 to be below 1",
                    "estack": "AssertionError: expected 5.135299999266863 to be below 1\n    at _callee2$ (dist-server/tests/sample-tests.js:155:47)\n    at tryCatch (node_modules/regenerator-runtime/runtime.js:63:40)\n    at Generator.invoke [as _invoke] (node_modules/regenerator-runtime/runtime.js:294:22)\n    at Generator.next (node_modules/regenerator-runtime/runtime.js:119:21)\n    at asyncGeneratorStep (dist-server/tests/sample-tests.js:25:103)\n    at _next (dist-server/tests/sample-tests.js:27:194)\n    at processTicksAndRejections (internal/process/task_queues.js:95:5)",
                    "diff": "- 5.135299999266863\n+ 1\n"
                  },
                  "uuid": "c62598b8-7b24-4722-aa2b-cc8d50f85ae1",
                  "parentUUID": "1aa57443-ae70-4995-9fca-f1bcabf6be14",
                  "isHook": false,
                  "skipped": false
                },
                {
                  "title": "Validate if feedback \"motivate\" finish earlier  than 100 ms",
                  "fullTitle": "Threshold time testing  First Class of Feedback Validate if feedback \"motivate\" finish earlier  than 100 ms",
                  "timedOut": false,
                  "duration": 3,
                  "state": "passed",
                  "speed": "fast",
                  "pass": true,
                  "fail": false,
                  "pending": false,
                  "context": null,
                  "code": "var self = this, args = arguments; return new Promise(function (resolve, reject) { var gen = fn.apply(self, args); function _next(value) { asyncGeneratorStep(gen, resolve, reject, _next, _throw, \"next\", value); } function _throw(err) { asyncGeneratorStep(gen, resolve, reject, _next, _throw, \"throw\", err); } _next(undefined); });",
                  "err": {},
                  "uuid": "db000926-20f7-436d-9672-27c72502f298",
                  "parentUUID": "1aa57443-ae70-4995-9fca-f1bcabf6be14",
                  "isHook": false,
                  "skipped": false
                },
                {
                  "title": "Validate if feedback \"motivateHarder\" finish earlier  than 100 ms",
                  "fullTitle": "Threshold time testing  First Class of Feedback Validate if feedback \"motivateHarder\" finish earlier  than 100 ms",
                  "timedOut": false,
                  "duration": 2,
                  "state": "passed",
                  "speed": "fast",
                  "pass": true,
                  "fail": false,
                  "pending": false,
                  "context": null,
                  "code": "var self = this, args = arguments; return new Promise(function (resolve, reject) { var gen = fn.apply(self, args); function _next(value) { asyncGeneratorStep(gen, resolve, reject, _next, _throw, \"next\", value); } function _throw(err) { asyncGeneratorStep(gen, resolve, reject, _next, _throw, \"throw\", err); } _next(undefined); });",
                  "err": {},
                  "uuid": "3e51c84f-bca0-4902-9206-b2cc939d65f7",
                  "parentUUID": "1aa57443-ae70-4995-9fca-f1bcabf6be14",
                  "isHook": false,
                  "skipped": false
                },
                {
                  "title": "Validate if feedback \"outputTestCase\" finish earlier  than 100 ms",
                  "fullTitle": "Threshold time testing  First Class of Feedback Validate if feedback \"outputTestCase\" finish earlier  than 100 ms",
                  "timedOut": false,
                  "duration": 2,
                  "state": "passed",
                  "speed": "fast",
                  "pass": true,
                  "fail": false,
                  "pending": false,
                  "context": null,
                  "code": "var self = this, args = arguments; return new Promise(function (resolve, reject) { var gen = fn.apply(self, args); function _next(value) { asyncGeneratorStep(gen, resolve, reject, _next, _throw, \"next\", value); } function _throw(err) { asyncGeneratorStep(gen, resolve, reject, _next, _throw, \"throw\", err); } _next(undefined); });",
                  "err": {},
                  "uuid": "6d99b1ab-5c8d-4316-a5c7-f91fd6f2dbeb",
                  "parentUUID": "1aa57443-ae70-4995-9fca-f1bcabf6be14",
                  "isHook": false,
                  "skipped": false
                },
                {
                  "title": "Validate if feedback \"percentage\" finish earlier  than 100 ms",
                  "fullTitle": "Threshold time testing  First Class of Feedback Validate if feedback \"percentage\" finish earlier  than 100 ms",
                  "timedOut": false,
                  "duration": 2,
                  "state": "passed",
                  "speed": "fast",
                  "pass": true,
                  "fail": false,
                  "pending": false,
                  "context": null,
                  "code": "var self = this, args = arguments; return new Promise(function (resolve, reject) { var gen = fn.apply(self, args); function _next(value) { asyncGeneratorStep(gen, resolve, reject, _next, _throw, \"next\", value); } function _throw(err) { asyncGeneratorStep(gen, resolve, reject, _next, _throw, \"throw\", err); } _next(undefined); });",
                  "err": {},
                  "uuid": "6f109ff6-1a3f-4950-8270-62fda2cef8da",
                  "parentUUID": "1aa57443-ae70-4995-9fca-f1bcabf6be14",
                  "isHook": false,
                  "skipped": false
                },
                {
                  "title": "Validate if feedback \"submissionNumbers\" finish earlier  than 1 ms",
                  "fullTitle": "Threshold time testing  First Class of Feedback Validate if feedback \"submissionNumbers\" finish earlier  than 1 ms",
                  "timedOut": false,
                  "duration": 3,
                  "state": "failed",
                  "speed": null,
                  "pass": false,
                  "fail": true,
                  "pending": false,
                  "context": null,
                  "code": "var self = this, args = arguments; return new Promise(function (resolve, reject) { var gen = fn.apply(self, args); function _next(value) { asyncGeneratorStep(gen, resolve, reject, _next, _throw, \"next\", value); } function _throw(err) { asyncGeneratorStep(gen, resolve, reject, _next, _throw, \"throw\", err); } _next(undefined); });",
                  "err": {
                    "message": "AssertionError: expected 5.450999999418855 to be below 1",
                    "estack": "AssertionError: expected 5.450999999418855 to be below 1\n    at _callee2$ (dist-server/tests/sample-tests.js:155:47)\n    at tryCatch (node_modules/regenerator-runtime/runtime.js:63:40)\n    at Generator.invoke [as _invoke] (node_modules/regenerator-runtime/runtime.js:294:22)\n    at Generator.next (node_modules/regenerator-runtime/runtime.js:119:21)\n    at asyncGeneratorStep (dist-server/tests/sample-tests.js:25:103)\n    at _next (dist-server/tests/sample-tests.js:27:194)\n    at processTicksAndRejections (internal/process/task_queues.js:95:5)",
                    "diff": "- 5.450999999418855\n+ 1\n"
                  },
                  "uuid": "c30d4d09-ca04-4891-aeb8-58004aedc73d",
                  "parentUUID": "1aa57443-ae70-4995-9fca-f1bcabf6be14",
                  "isHook": false,
                  "skipped": false
                },
                {
                  "title": "Validate if feedback \"alreadyDidItBefore\" finish earlier  than 1 ms",
                  "fullTitle": "Threshold time testing  First Class of Feedback Validate if feedback \"alreadyDidItBefore\" finish earlier  than 1 ms",
                  "timedOut": false,
                  "duration": 2,
                  "state": "failed",
                  "speed": null,
                  "pass": false,
                  "fail": true,
                  "pending": false,
                  "context": null,
                  "code": "var self = this, args = arguments; return new Promise(function (resolve, reject) { var gen = fn.apply(self, args); function _next(value) { asyncGeneratorStep(gen, resolve, reject, _next, _throw, \"next\", value); } function _throw(err) { asyncGeneratorStep(gen, resolve, reject, _next, _throw, \"throw\", err); } _next(undefined); });",
                  "err": {
                    "message": "AssertionError: expected 4.909399999305606 to be below 1",
                    "estack": "AssertionError: expected 4.909399999305606 to be below 1\n    at _callee2$ (dist-server/tests/sample-tests.js:155:47)\n    at tryCatch (node_modules/regenerator-runtime/runtime.js:63:40)\n    at Generator.invoke [as _invoke] (node_modules/regenerator-runtime/runtime.js:294:22)\n    at Generator.next (node_modules/regenerator-runtime/runtime.js:119:21)\n    at asyncGeneratorStep (dist-server/tests/sample-tests.js:25:103)\n    at _next (dist-server/tests/sample-tests.js:27:194)\n    at processTicksAndRejections (internal/process/task_queues.js:95:5)",
                    "diff": "- 4.909399999305606\n+ 1\n"
                  },
                  "uuid": "963cf0cf-e373-48a4-820f-3d251081ffc3",
                  "parentUUID": "1aa57443-ae70-4995-9fca-f1bcabf6be14",
                  "isHook": false,
                  "skipped": false
                },
                {
                  "title": "Validate if feedback \"frequemcy\" finish earlier  than 1 ms",
                  "fullTitle": "Threshold time testing  First Class of Feedback Validate if feedback \"frequemcy\" finish earlier  than 1 ms",
                  "timedOut": false,
                  "duration": 2,
                  "state": "failed",
                  "speed": null,
                  "pass": false,
                  "fail": true,
                  "pending": false,
                  "context": null,
                  "code": "var self = this, args = arguments; return new Promise(function (resolve, reject) { var gen = fn.apply(self, args); function _next(value) { asyncGeneratorStep(gen, resolve, reject, _next, _throw, \"next\", value); } function _throw(err) { asyncGeneratorStep(gen, resolve, reject, _next, _throw, \"throw\", err); } _next(undefined); });",
                  "err": {
                    "message": "AssertionError: expected 4.598999999463558 to be below 1",
                    "estack": "AssertionError: expected 4.598999999463558 to be below 1\n    at _callee2$ (dist-server/tests/sample-tests.js:155:47)\n    at tryCatch (node_modules/regenerator-runtime/runtime.js:63:40)\n    at Generator.invoke [as _invoke] (node_modules/regenerator-runtime/runtime.js:294:22)\n    at Generator.next (node_modules/regenerator-runtime/runtime.js:119:21)\n    at asyncGeneratorStep (dist-server/tests/sample-tests.js:25:103)\n    at _next (dist-server/tests/sample-tests.js:27:194)\n    at processTicksAndRejections (internal/process/task_queues.js:95:5)",
                    "diff": "- 4.598999999463558\n+ 1\n"
                  },
                  "uuid": "12acf88c-d272-4f4c-bd43-a7208c3627ca",
                  "parentUUID": "1aa57443-ae70-4995-9fca-f1bcabf6be14",
                  "isHook": false,
                  "skipped": false
                },
                {
                  "title": "Validate if feedback \"hint\" finish earlier  than 1 ms",
                  "fullTitle": "Threshold time testing  First Class of Feedback Validate if feedback \"hint\" finish earlier  than 1 ms",
                  "timedOut": false,
                  "duration": 2,
                  "state": "failed",
                  "speed": null,
                  "pass": false,
                  "fail": true,
                  "pending": false,
                  "context": null,
                  "code": "var self = this, args = arguments; return new Promise(function (resolve, reject) { var gen = fn.apply(self, args); function _next(value) { asyncGeneratorStep(gen, resolve, reject, _next, _throw, \"next\", value); } function _throw(err) { asyncGeneratorStep(gen, resolve, reject, _next, _throw, \"throw\", err); } _next(undefined); });",
                  "err": {
                    "message": "AssertionError: expected 4.919499998912215 to be below 1",
                    "estack": "AssertionError: expected 4.919499998912215 to be below 1\n    at _callee2$ (dist-server/tests/sample-tests.js:155:47)\n    at tryCatch (node_modules/regenerator-runtime/runtime.js:63:40)\n    at Generator.invoke [as _invoke] (node_modules/regenerator-runtime/runtime.js:294:22)\n    at Generator.next (node_modules/regenerator-runtime/runtime.js:119:21)\n    at asyncGeneratorStep (dist-server/tests/sample-tests.js:25:103)\n    at _next (dist-server/tests/sample-tests.js:27:194)\n    at processTicksAndRejections (internal/process/task_queues.js:95:5)",
                    "diff": "- 4.919499998912215\n+ 1\n"
                  },
                  "uuid": "4d33aa2a-2bbf-41fb-bcbf-24756b113c3c",
                  "parentUUID": "1aa57443-ae70-4995-9fca-f1bcabf6be14",
                  "isHook": false,
                  "skipped": false
                },
                {
                  "title": "Validate if feedback \"inputTestCase\" finish earlier  than 1 ms",
                  "fullTitle": "Threshold time testing  First Class of Feedback Validate if feedback \"inputTestCase\" finish earlier  than 1 ms",
                  "timedOut": false,
                  "duration": 2,
                  "state": "failed",
                  "speed": null,
                  "pass": false,
                  "fail": true,
                  "pending": false,
                  "context": null,
                  "code": "var self = this, args = arguments; return new Promise(function (resolve, reject) { var gen = fn.apply(self, args); function _next(value) { asyncGeneratorStep(gen, resolve, reject, _next, _throw, \"next\", value); } function _throw(err) { asyncGeneratorStep(gen, resolve, reject, _next, _throw, \"throw\", err); } _next(undefined); });",
                  "err": {
                    "message": "AssertionError: expected 4.7876999992877245 to be below 1",
                    "estack": "AssertionError: expected 4.7876999992877245 to be below 1\n    at _callee2$ (dist-server/tests/sample-tests.js:155:47)\n    at tryCatch (node_modules/regenerator-runtime/runtime.js:63:40)\n    at Generator.invoke [as _invoke] (node_modules/regenerator-runtime/runtime.js:294:22)\n    at Generator.next (node_modules/regenerator-runtime/runtime.js:119:21)\n    at asyncGeneratorStep (dist-server/tests/sample-tests.js:25:103)\n    at _next (dist-server/tests/sample-tests.js:27:194)\n    at processTicksAndRejections (internal/process/task_queues.js:95:5)",
                    "diff": "- 4.7876999992877245\n+ 1\n"
                  },
                  "uuid": "718458ea-f691-4b47-a290-f31879c812ed",
                  "parentUUID": "1aa57443-ae70-4995-9fca-f1bcabf6be14",
                  "isHook": false,
                  "skipped": false
                },
                {
                  "title": "Validate if feedback \"motivate\" finish earlier  than 100 ms",
                  "fullTitle": "Threshold time testing  First Class of Feedback Validate if feedback \"motivate\" finish earlier  than 100 ms",
                  "timedOut": false,
                  "duration": 2,
                  "state": "passed",
                  "speed": "fast",
                  "pass": true,
                  "fail": false,
                  "pending": false,
                  "context": null,
                  "code": "var self = this, args = arguments; return new Promise(function (resolve, reject) { var gen = fn.apply(self, args); function _next(value) { asyncGeneratorStep(gen, resolve, reject, _next, _throw, \"next\", value); } function _throw(err) { asyncGeneratorStep(gen, resolve, reject, _next, _throw, \"throw\", err); } _next(undefined); });",
                  "err": {},
                  "uuid": "361ebe1c-b3e9-40c8-b3e0-291beb1af2ca",
                  "parentUUID": "1aa57443-ae70-4995-9fca-f1bcabf6be14",
                  "isHook": false,
                  "skipped": false
                },
                {
                  "title": "Validate if feedback \"motivateHarder\" finish earlier  than 100 ms",
                  "fullTitle": "Threshold time testing  First Class of Feedback Validate if feedback \"motivateHarder\" finish earlier  than 100 ms",
                  "timedOut": false,
                  "duration": 2,
                  "state": "passed",
                  "speed": "fast",
                  "pass": true,
                  "fail": false,
                  "pending": false,
                  "context": null,
                  "code": "var self = this, args = arguments; return new Promise(function (resolve, reject) { var gen = fn.apply(self, args); function _next(value) { asyncGeneratorStep(gen, resolve, reject, _next, _throw, \"next\", value); } function _throw(err) { asyncGeneratorStep(gen, resolve, reject, _next, _throw, \"throw\", err); } _next(undefined); });",
                  "err": {},
                  "uuid": "127592e6-aa1d-48c8-a9a2-b22d56a3d4c9",
                  "parentUUID": "1aa57443-ae70-4995-9fca-f1bcabf6be14",
                  "isHook": false,
                  "skipped": false
                },
                {
                  "title": "Validate if feedback \"outputTestCase\" finish earlier  than 100 ms",
                  "fullTitle": "Threshold time testing  First Class of Feedback Validate if feedback \"outputTestCase\" finish earlier  than 100 ms",
                  "timedOut": false,
                  "duration": 3,
                  "state": "passed",
                  "speed": "fast",
                  "pass": true,
                  "fail": false,
                  "pending": false,
                  "context": null,
                  "code": "var self = this, args = arguments; return new Promise(function (resolve, reject) { var gen = fn.apply(self, args); function _next(value) { asyncGeneratorStep(gen, resolve, reject, _next, _throw, \"next\", value); } function _throw(err) { asyncGeneratorStep(gen, resolve, reject, _next, _throw, \"throw\", err); } _next(undefined); });",
                  "err": {},
                  "uuid": "01c4bf4f-45e3-4074-acb1-89a08aa3fdc4",
                  "parentUUID": "1aa57443-ae70-4995-9fca-f1bcabf6be14",
                  "isHook": false,
                  "skipped": false
                },
                {
                  "title": "Validate if feedback \"percentage\" finish earlier  than 100 ms",
                  "fullTitle": "Threshold time testing  First Class of Feedback Validate if feedback \"percentage\" finish earlier  than 100 ms",
                  "timedOut": false,
                  "duration": 5,
                  "state": "passed",
                  "speed": "fast",
                  "pass": true,
                  "fail": false,
                  "pending": false,
                  "context": null,
                  "code": "var self = this, args = arguments; return new Promise(function (resolve, reject) { var gen = fn.apply(self, args); function _next(value) { asyncGeneratorStep(gen, resolve, reject, _next, _throw, \"next\", value); } function _throw(err) { asyncGeneratorStep(gen, resolve, reject, _next, _throw, \"throw\", err); } _next(undefined); });",
                  "err": {},
                  "uuid": "31b04704-56f8-475a-9a4e-df0cb5a25d1d",
                  "parentUUID": "1aa57443-ae70-4995-9fca-f1bcabf6be14",
                  "isHook": false,
                  "skipped": false
                },
                {
                  "title": "Validate if feedback \"submissionNumbers\" finish earlier  than 1 ms",
                  "fullTitle": "Threshold time testing  First Class of Feedback Validate if feedback \"submissionNumbers\" finish earlier  than 1 ms",
                  "timedOut": false,
                  "duration": 7,
                  "state": "failed",
                  "speed": null,
                  "pass": false,
                  "fail": true,
                  "pending": false,
                  "context": null,
                  "code": "var self = this, args = arguments; return new Promise(function (resolve, reject) { var gen = fn.apply(self, args); function _next(value) { asyncGeneratorStep(gen, resolve, reject, _next, _throw, \"next\", value); } function _throw(err) { asyncGeneratorStep(gen, resolve, reject, _next, _throw, \"throw\", err); } _next(undefined); });",
                  "err": {
                    "message": "AssertionError: expected 7.580099999904633 to be below 1",
                    "estack": "AssertionError: expected 7.580099999904633 to be below 1\n    at _callee2$ (dist-server/tests/sample-tests.js:155:47)\n    at tryCatch (node_modules/regenerator-runtime/runtime.js:63:40)\n    at Generator.invoke [as _invoke] (node_modules/regenerator-runtime/runtime.js:294:22)\n    at Generator.next (node_modules/regenerator-runtime/runtime.js:119:21)\n    at asyncGeneratorStep (dist-server/tests/sample-tests.js:25:103)\n    at _next (dist-server/tests/sample-tests.js:27:194)\n    at processTicksAndRejections (internal/process/task_queues.js:95:5)",
                    "diff": "- 7.580099999904633\n+ 1\n"
                  },
                  "uuid": "53e73605-5e89-4135-80b9-79e2c94aafd1",
                  "parentUUID": "1aa57443-ae70-4995-9fca-f1bcabf6be14",
                  "isHook": false,
                  "skipped": false
                }
              ],
              "suites": [],
              "passes": [
                "db000926-20f7-436d-9672-27c72502f298",
                "3e51c84f-bca0-4902-9206-b2cc939d65f7",
                "6d99b1ab-5c8d-4316-a5c7-f91fd6f2dbeb",
                "6f109ff6-1a3f-4950-8270-62fda2cef8da",
                "361ebe1c-b3e9-40c8-b3e0-291beb1af2ca",
                "127592e6-aa1d-48c8-a9a2-b22d56a3d4c9",
                "01c4bf4f-45e3-4074-acb1-89a08aa3fdc4",
                "31b04704-56f8-475a-9a4e-df0cb5a25d1d"
              ],
              "failures": [
                "0aed7177-d7ee-482d-b1a1-73ad71f52bf9",
                "ec5d867e-02a6-47dc-bd60-194683bc3484",
                "ab189621-d7f6-4a46-8e5b-dae6118714fb",
                "c62598b8-7b24-4722-aa2b-cc8d50f85ae1",
                "c30d4d09-ca04-4891-aeb8-58004aedc73d",
                "963cf0cf-e373-48a4-820f-3d251081ffc3",
                "12acf88c-d272-4f4c-bd43-a7208c3627ca",
                "4d33aa2a-2bbf-41fb-bcbf-24756b113c3c",
                "718458ea-f691-4b47-a290-f31879c812ed",
                "53e73605-5e89-4135-80b9-79e2c94aafd1"
              ],
              "pending": [],
              "skipped": [],
              "duration": 50,
              "root": false,
              "rootEmpty": false,
              "_timeout": 200000
            }
          ],
          "passes": [],
          "failures": [],
          "pending": [],
          "skipped": [],
          "duration": 0,
          "root": false,
          "rootEmpty": false,
          "_timeout": 200000
        }
      ],
      "passes": [],
      "failures": [],
      "pending": [],
      "skipped": [],
      "duration": 0,
      "root": true,
      "rootEmpty": true,
      "_timeout": 200000
    }
  ],
  "meta": {
    "mocha": {
      "version": "9.2.1"
    },
    "mochawesome": {
      "options": {
        "quiet": false,
        "reportFilename": "mochawesome",
        "saveHtml": true,
        "saveJson": true,
        "consoleReporter": "spec",
        "useInlineDiffs": false,
        "code": true
      },
      "version": "7.0.1"
    },
    "marge": {
      "options": {
        "reportDir": "/mnt/e/INESC TEC/feedback-manager/public/execution-report/2022/03/15/12/53/21",
        "reportTitle": "Test Execution Report",
        "reportPageTitle": "Test Report",
        "charts": true
      },
      "version": "6.0.1"
    }
  }
}